#
# A fatal error has been detected by the Java Runtime Environment:
#
#  EXCEPTION_ACCESS_VIOLATION (0xc0000005) at pc=0x00007ffc7a59bfdd, pid=2436, tid=8380
#
# JRE version: OpenJDK Runtime Environment (11.0.12+7) (build 11.0.12+7-b1504.28-7817840)
# Java VM: OpenJDK 64-Bit Server VM (11.0.12+7-b1504.28-7817840, mixed mode, tiered, compressed oops, g1 gc, windows-amd64)
# Problematic frame:
# V  [jvm.dll+0x2dbfdd]
#
# No core dump will be written. Minidumps are not enabled by default on client versions of Windows
#
# If you would like to submit a bug report, please visit:
#   https://bugreport.java.com/bugreport/crash.jsp
#

---------------  S U M M A R Y ------------

Command Line: --add-opens=java.base/java.util=ALL-UNNAMED --add-opens=java.base/java.lang=ALL-UNNAMED --add-opens=java.base/java.lang.invoke=ALL-UNNAMED --add-opens=java.base/java.util=ALL-UNNAMED --add-opens=java.prefs/java.util.prefs=ALL-UNNAMED --add-opens=java.prefs/java.util.prefs=ALL-UNNAMED --add-opens=java.base/java.nio.charset=ALL-UNNAMED --add-opens=java.base/java.net=ALL-UNNAMED --add-opens=java.base/java.util.concurrent.atomic=ALL-UNNAMED -Xmx2048m -Dfile.encoding=UTF-8 -Duser.country=US -Duser.language=en -Duser.variant org.gradle.launcher.daemon.bootstrap.GradleDaemon 7.3.3

Host: Intel(R) Core(TM) i5-4210M CPU @ 2.60GHz, 4 cores, 11G,  Windows 10 , 64 bit Build 19041 (10.0.19041.1806)
Time: Tue Aug  9 16:33:34 2022 India Standard Time elapsed time: 47.169193 seconds (0d 0h 0m 47s)

---------------  T H R E A D  ---------------

Current thread (0x00000255f1405000):  GCTaskThread "GC Thread#0" [stack: 0x000000d37ef00000,0x000000d37f000000] [id=8380]

Stack: [0x000000d37ef00000,0x000000d37f000000],  sp=0x000000d37effef50,  free space=1019k
Native frames: (J=compiled Java code, j=interpreted, Vv=VM code, C=native code)
V  [jvm.dll+0x2dbfdd]
V  [jvm.dll+0x2db99b]
V  [jvm.dll+0x2d97c8]
V  [jvm.dll+0x3057c8]
V  [jvm.dll+0x3054de]
V  [jvm.dll+0x313e87]
V  [jvm.dll+0x2b4b2e]
V  [jvm.dll+0x2b4a51]
V  [jvm.dll+0x2e20e5]
V  [jvm.dll+0x315855]
V  [jvm.dll+0x31469d]
V  [jvm.dll+0x2e5248]
V  [jvm.dll+0x757cd0]
V  [jvm.dll+0x6f26a5]
V  [jvm.dll+0x5fabf6]
C  [ucrtbase.dll+0x21bb2]
C  [KERNEL32.DLL+0x17034]
C  [ntdll.dll+0x52651]


siginfo: EXCEPTION_ACCESS_VIOLATION (0xc0000005), reading address 0x00000000000000f8


Register to memory mapping:

RIP=0x00007ffc7a59bfdd jvm.dll
RAX=0x00000255f1418000 points into unknown readable memory: 0x0000000000000000 | 00 00 00 00 00 00 00 00
RBX=0x0000025599753210 points into unknown readable memory: 0x00007ffc7aaf44e8 | e8 44 af 7a fc 7f 00 00
RCX=0x0 is NULL
RDX=0x00000255f14981a0 points into unknown readable memory: 0x00007ffc7aafbe90 | 90 be af 7a fc 7f 00 00
RSP=0x000000d37effef50 points into unknown readable memory: 0x0000025599753210 | 10 32 75 99 55 02 00 00
RBP=0x000000000000000c is an unknown value
RSI=0x0000000085f32608 is pointing into object: [Ljava.lang.Object; 
{0x0000000085f30460} - klass: 'java/lang/Object'[]
 - length: 4096
RDI=0x0000025599753380 points into unknown readable memory: 0x00007ffc7aaf44a0 | a0 44 af 7a fc 7f 00 00
R8 =0x0000000085f325c0 is pointing into object: [Ljava.lang.Object; 
{0x0000000085f30460} - klass: 'java/lang/Object'[]
 - length: 4096
R9 =0x0000000000000001 is an unknown value
R10=0x0000000085f325c0 is pointing into object: [Ljava.lang.Object; 
{0x0000000085f30460} - klass: 'java/lang/Object'[]
 - length: 4096
R11=0x0000025599753380 points into unknown readable memory: 0x00007ffc7aaf44a0 | a0 44 af 7a fc 7f 00 00
R12=0x0 is NULL
R13=0x0000000000000001 is an unknown value
R14=0x00000255f1408b90 points into unknown readable memory: 0x0000115c00000e5b | 5b 0e 00 00 5c 11 00 00
R15=0x0000000000000040 is an unknown value


Registers:
RAX=0x00000255f1418000, RBX=0x0000025599753210, RCX=0x0000000000000000, RDX=0x00000255f14981a0
RSP=0x000000d37effef50, RBP=0x000000000000000c, RSI=0x0000000085f32608, RDI=0x0000025599753380
R8 =0x0000000085f325c0, R9 =0x0000000000000001, R10=0x0000000085f325c0, R11=0x0000025599753380
R12=0x0000000000000000, R13=0x0000000000000001, R14=0x00000255f1408b90, R15=0x0000000000000040
RIP=0x00007ffc7a59bfdd, EFLAGS=0x0000000000010202

Top of Stack: (sp=0x000000d37effef50)
0x000000d37effef50:   0000025599753210 0000000085f32595
0x000000d37effef60:   00000255f1408b10 0000000083d731f8
0x000000d37effef70:   0000000085f325c0 00007ffc7a59b99b
0x000000d37effef80:   0000000085f32594 0000025599753210
0x000000d37effef90:   0000000000000040 00000255f1408b90
0x000000d37effefa0:   00000255f1408b10 00007ffc7a5997c8
0x000000d37effefb0:   0000000000000e58 000000d37efff201
0x000000d37effefc0:   0000025599753210 00007ffc7a5d1a01
0x000000d37effefd0:   0000000000000866 00000255f1408b90
0x000000d37effefe0:   0000025599753210 00007ffc7a5c57c8
0x000000d37effeff0:   00000255f1408b10 0000000000000e58
0x000000d37efff000:   000000d37efff201 0000000084a9a200
0x000000d37efff010:   0000000083d73008 00000255f147d1f8
0x000000d37efff020:   0000000000000000 00007ffc7a8b5ccf
0x000000d37efff030:   000000d37efff0d0 00007ffc7a5d381d
0x000000d37efff040:   00000255f13fb000 0000000084a9a200 

Instructions: (pc=0x00007ffc7a59bfdd)
0x00007ffc7a59bedd:   74 24 38 48 83 c4 20 5f c3 cc cc cc cc cc cc cc
0x00007ffc7a59beed:   cc cc cc 48 89 5c 24 08 57 48 83 ec 20 48 8b 41
0x00007ffc7a59befd:   18 48 8b da 48 83 cb 01 48 8b d3 48 8b 78 10 48
0x00007ffc7a59bf0d:   8b cf e8 cc 7b 00 00 84 c0 75 29 48 81 c7 90 00
0x00007ffc7a59bf1d:   00 00 48 8b 47 08 48 39 47 20 75 08 48 8b cf e8
0x00007ffc7a59bf2d:   0f 21 07 00 48 8b 4f 20 48 8b 47 38 48 89 1c c8
0x00007ffc7a59bf3d:   48 ff 47 20 48 8b 5c 24 30 48 83 c4 20 5f c3 cc
0x00007ffc7a59bf4d:   cc cc cc 48 89 5c 24 08 57 48 83 ec 20 48 8b 79
0x00007ffc7a59bf5d:   10 48 8b da 48 83 cb 01 48 8b cf 48 8b d3 e8 70
0x00007ffc7a59bf6d:   7b 00 00 84 c0 75 29 48 81 c7 90 00 00 00 48 8b
0x00007ffc7a59bf7d:   47 08 48 39 47 20 75 08 48 8b cf e8 b3 20 07 00
0x00007ffc7a59bf8d:   48 8b 4f 20 48 8b 47 38 48 89 1c c8 48 ff 47 20
0x00007ffc7a59bf9d:   48 8b 5c 24 30 48 83 c4 20 5f c3 cc cc cc cc cc
0x00007ffc7a59bfad:   cc cc cc 40 53 48 83 ec 20 8b 82 04 01 00 00 48
0x00007ffc7a59bfbd:   8b d9 d1 e8 a8 01 75 6b 48 8b 41 08 8b 88 c0 02
0x00007ffc7a59bfcd:   00 00 48 8b 80 b0 02 00 00 49 d3 e9 4a 8b 0c c8
0x00007ffc7a59bfdd:   48 8b 81 f8 00 00 00 83 b8 18 01 00 00 00 74 43
0x00007ffc7a59bfed:   48 8b 4b 50 48 89 7c 24 30 49 c1 e8 09 48 8b 79
0x00007ffc7a59bffd:   48 48 2b 79 40 49 03 f8 48 8b d7 e8 83 c1 ff ff
0x00007ffc7a59c00d:   84 c0 74 1a 80 7b 28 00 48 8d 4b 18 74 10 48 8b
0x00007ffc7a59c01d:   43 50 48 8b 50 40 48 03 d7 e8 35 9b 36 00 48 8b
0x00007ffc7a59c02d:   7c 24 30 48 83 c4 20 5b c3 cc cc cc cc cc cc cc
0x00007ffc7a59c03d:   cc cc cc 48 89 5c 24 08 48 89 74 24 10 57 48 83
0x00007ffc7a59c04d:   ec 20 48 63 fa 48 8d 05 e7 26 55 00 45 33 c0 48
0x00007ffc7a59c05d:   89 01 48 8b f1 89 79 08 48 8b df 48 8d 0c fd 00
0x00007ffc7a59c06d:   00 00 00 41 8d 50 05 e8 47 b5 dd ff 45 33 db 48
0x00007ffc7a59c07d:   89 46 10 4c 8d 4e 10 4c 8b d0 45 8b c3 85 ff 7e
0x00007ffc7a59c08d:   56 83 ff 02 72 51 8d 4f ff 48 63 d1 48 8d 04 d0
0x00007ffc7a59c09d:   4d 3b d1 77 05 49 3b c1 73 3d 8b c7 25 01 00 00
0x00007ffc7a59c0ad:   80 7d 07 ff c8 83 c8 fe ff c0 2b f8 0f 1f 80 00
0x00007ffc7a59c0bd:   00 00 00 41 83 c0 02 44 3b c7 7c f7 8d 47 01 49
0x00007ffc7a59c0cd:   8b fa 99 2b c2 d1 f8 48 63 c8 48 c1 e1 04 48 c1 


Stack slot to memory mapping:
stack at sp + 0 slots: 0x0000025599753210 points into unknown readable memory: 0x00007ffc7aaf44e8 | e8 44 af 7a fc 7f 00 00
stack at sp + 1 slots: 0x0000000085f32595 is pointing into object: [Ljava.lang.Object; 
{0x0000000085f30460} - klass: 'java/lang/Object'[]
 - length: 4096
stack at sp + 2 slots: 0x00000255f1408b10 points into unknown readable memory: 0x0000000000000e5b | 5b 0e 00 00 00 00 00 00
stack at sp + 3 slots: 0x0000000083d731f8 is an oop: java.util.concurrent.ConcurrentHashMap$Node 
{0x0000000083d731f8} - klass: 'java/util/concurrent/ConcurrentHashMap$Node'
stack at sp + 4 slots: 0x0000000085f325c0 is pointing into object: [Ljava.lang.Object; 
{0x0000000085f30460} - klass: 'java/lang/Object'[]
 - length: 4096
stack at sp + 5 slots: 0x00007ffc7a59b99b jvm.dll
stack at sp + 6 slots: 0x0000000085f32594 is pointing into object: [Ljava.lang.Object; 
{0x0000000085f30460} - klass: 'java/lang/Object'[]
 - length: 4096
stack at sp + 7 slots: 0x0000025599753210 points into unknown readable memory: 0x00007ffc7aaf44e8 | e8 44 af 7a fc 7f 00 00


---------------  P R O C E S S  ---------------

Threads class SMR info:
_java_thread_list=0x00000255939131f0, length=88, elements={
0x00000255ef3ec000, 0x00000255fc020800, 0x00000255fc029800, 0x00000255fc02d800,
0x00000255fc887800, 0x00000255fc889000, 0x00000255fc88a000, 0x00000255fc8b5000,
0x00000255fc8f7000, 0x00000255fc9f2000, 0x00000255feca8800, 0x00000255fdb0e000,
0x000002558f000800, 0x00000255fe943000, 0x00000255fe944000, 0x00000255fe753000,
0x00000255fe754000, 0x00000255feb1e000, 0x00000255fdc52000, 0x00000255fdc4c000,
0x00000255fdc4a000, 0x00000255fdc4b000, 0x00000255fdc46000, 0x00000255fdc4c800,
0x00000255fdc47000, 0x00000255fdc47800, 0x00000255fdc48800, 0x00000255fdc49800,
0x0000025590e80800, 0x0000025590e7d000, 0x0000025590e82000, 0x0000025590e7e000,
0x0000025590e82800, 0x0000025590e84800, 0x0000025590e7e800, 0x0000025590e85000,
0x0000025590e7f800, 0x0000025590e88800, 0x0000025590e86000, 0x0000025590e87800,
0x0000025590e89800, 0x0000025590e8a000, 0x0000025590e8b000, 0x0000025590e8b800,
0x0000025590e87000, 0x00000255ff297800, 0x00000255ff292000, 0x00000255ff292800,
0x00000255ff294000, 0x00000255ff298800, 0x00000255ff296800, 0x00000255ff296000,
0x00000255ff299000, 0x00000255ff293800, 0x00000255ff29a000, 0x00000255ff29b000,
0x00000255ff295000, 0x00000255ff29c800, 0x00000255ff29d000, 0x00000255ff29e000,
0x00000255ff29f000, 0x00000255ff29f800, 0x00000255ff29b800, 0x00000255ff2a0800,
0x000002558f9b1800, 0x000002558f9b0000, 0x000002558f9ad800, 0x000002558f9b2800,
0x000002558f9ae800, 0x000002558f9af000, 0x000002558f9b0800, 0x000002558f9ac800,
0x000002558f9b5800, 0x000002558f9b5000, 0x000002558f9b6800, 0x000002558f9b7000,
0x000002558f9b8000, 0x000002558f9b9000, 0x000002558f9b9800, 0x000002558f9b4000,
0x000002558f9ba800, 0x000002558f9bb800, 0x0000025593dea800, 0x0000025593deb800,
0x0000025593dea000, 0x0000025593dec800, 0x0000025593de8000, 0x00000255fdd6c800
}

Java Threads: ( => current thread )
  0x00000255ef3ec000 JavaThread "main" [_thread_blocked, id=3272, stack(0x000000d37ee00000,0x000000d37ef00000)]
  0x00000255fc020800 JavaThread "Reference Handler" daemon [_thread_blocked, id=9664, stack(0x000000d37f500000,0x000000d37f600000)]
  0x00000255fc029800 JavaThread "Finalizer" daemon [_thread_blocked, id=8800, stack(0x000000d37f600000,0x000000d37f700000)]
  0x00000255fc02d800 JavaThread "Signal Dispatcher" daemon [_thread_blocked, id=1688, stack(0x000000d37f700000,0x000000d37f800000)]
  0x00000255fc887800 JavaThread "Attach Listener" daemon [_thread_blocked, id=10852, stack(0x000000d37f800000,0x000000d37f900000)]
  0x00000255fc889000 JavaThread "Service Thread" daemon [_thread_blocked, id=13956, stack(0x000000d37f900000,0x000000d37fa00000)]
  0x00000255fc88a000 JavaThread "C2 CompilerThread0" daemon [_thread_blocked, id=10012, stack(0x000000d37fa00000,0x000000d37fb00000)]
  0x00000255fc8b5000 JavaThread "C1 CompilerThread0" daemon [_thread_blocked, id=1128, stack(0x000000d37fb00000,0x000000d37fc00000)]
  0x00000255fc8f7000 JavaThread "Sweeper thread" daemon [_thread_blocked, id=9512, stack(0x000000d37fc00000,0x000000d37fd00000)]
  0x00000255fc9f2000 JavaThread "Common-Cleaner" daemon [_thread_blocked, id=4108, stack(0x000000d37fd00000,0x000000d37fe00000)]
  0x00000255feca8800 JavaThread "Daemon health stats" [_thread_blocked, id=13556, stack(0x000000d300400000,0x000000d300500000)]
  0x00000255fdb0e000 JavaThread "Incoming local TCP Connector on port 49708" [_thread_in_native, id=7208, stack(0x000000d300300000,0x000000d300400000)]
  0x000002558f000800 JavaThread "Daemon periodic checks" [_thread_blocked, id=4112, stack(0x000000d300500000,0x000000d300600000)]
  0x00000255fe943000 JavaThread "Daemon" [_thread_blocked, id=2612, stack(0x000000d300600000,0x000000d300700000)]
  0x00000255fe944000 JavaThread "Handler for socket connection from /127.0.0.1:49708 to /127.0.0.1:49710" [_thread_in_native, id=14040, stack(0x000000d300700000,0x000000d300800000)]
  0x00000255fe753000 JavaThread "Cancel handler" [_thread_blocked, id=8704, stack(0x000000d300800000,0x000000d300900000)]
  0x00000255fe754000 JavaThread "Daemon worker" [_thread_blocked, id=9880, stack(0x000000d300900000,0x000000d300a00000)]
  0x00000255feb1e000 JavaThread "Asynchronous log dispatcher for DefaultDaemonConnection: socket connection from /127.0.0.1:49708 to /127.0.0.1:49710" [_thread_blocked, id=5548, stack(0x000000d300a00000,0x000000d300b00000)]
  0x00000255fdc52000 JavaThread "Stdin handler" [_thread_blocked, id=7496, stack(0x000000d300b00000,0x000000d300c00000)]
  0x00000255fdc4c000 JavaThread "Daemon client event forwarder" [_thread_blocked, id=5564, stack(0x000000d300c00000,0x000000d300d00000)]
  0x00000255fdc4a000 JavaThread "Cache worker for journal cache (C:\Users\affi\.gradle\caches\journal-1)" [_thread_blocked, id=13716, stack(0x000000d300d00000,0x000000d300e00000)]
  0x00000255fdc4b000 JavaThread "File lock request listener" [_thread_in_native, id=9952, stack(0x000000d300e00000,0x000000d300f00000)]
  0x00000255fdc46000 JavaThread "Cache worker for file hash cache (C:\Users\affi\.gradle\caches\7.3.3\fileHashes)" [_thread_blocked, id=12240, stack(0x000000d300f00000,0x000000d301000000)]
  0x00000255fdc4c800 JavaThread "Cache worker for file hash cache (E:\affi\AndroidProjects\Lemonade-App\.gradle\7.3.3\fileHashes)" [_thread_blocked, id=4156, stack(0x000000d301100000,0x000000d301200000)]
  0x00000255fdc47000 JavaThread "File watcher server" daemon [_thread_blocked, id=14296, stack(0x000000d301200000,0x000000d301300000)]
  0x00000255fdc47800 JavaThread "File watcher consumer" daemon [_thread_blocked, id=232, stack(0x000000d301300000,0x000000d301400000)]
  0x00000255fdc48800 JavaThread "Cache worker for checksums cache (E:\affi\AndroidProjects\Lemonade-App\.gradle\7.3.3\checksums)" [_thread_blocked, id=13488, stack(0x000000d301400000,0x000000d301500000)]
  0x00000255fdc49800 JavaThread "Cache worker for cache directory md-supplier (C:\Users\affi\.gradle\caches\7.3.3\md-supplier)" [_thread_blocked, id=8388, stack(0x000000d301500000,0x000000d301600000)]
  0x0000025590e80800 JavaThread "Cache worker for cache directory md-rule (C:\Users\affi\.gradle\caches\7.3.3\md-rule)" [_thread_blocked, id=5580, stack(0x000000d301600000,0x000000d301700000)]
  0x0000025590e7d000 JavaThread "Cache worker for execution history cache (C:\Users\affi\.gradle\caches\7.3.3\executionHistory)" [_thread_blocked, id=13848, stack(0x000000d301700000,0x000000d301800000)]
  0x0000025590e82000 JavaThread "jar transforms" [_thread_blocked, id=7988, stack(0x000000d301800000,0x000000d301900000)]
  0x0000025590e7e000 JavaThread "jar transforms Thread 2" [_thread_blocked, id=14136, stack(0x000000d301000000,0x000000d301100000)]
  0x0000025590e82800 JavaThread "Cache worker for file content cache (C:\Users\affi\.gradle\caches\7.3.3\fileContent)" [_thread_blocked, id=1368, stack(0x000000d301900000,0x000000d301a00000)]
  0x0000025590e84800 JavaThread "Cache worker for dependencies-accessors (E:\affi\AndroidProjects\Lemonade-App\.gradle\7.3.3\dependencies-accessors)" [_thread_blocked, id=3600, stack(0x000000d301b00000,0x000000d301c00000)]
  0x0000025590e7e800 JavaThread "jar transforms Thread 3" [_thread_blocked, id=1768, stack(0x000000d301c00000,0x000000d301d00000)]
  0x0000025590e85000 JavaThread "Cache worker for Build Output Cleanup Cache (E:\affi\AndroidProjects\Lemonade-App\.gradle\buildOutputCleanup)" [_thread_blocked, id=14232, stack(0x000000d301d00000,0x000000d301e00000)]
  0x0000025590e7f800 JavaThread "Unconstrained build operations" [_thread_blocked, id=4672, stack(0x000000d301e00000,0x000000d301f00000)]
  0x0000025590e88800 JavaThread "Unconstrained build operations Thread 2" [_thread_blocked, id=11428, stack(0x000000d301f00000,0x000000d302000000)]
  0x0000025590e86000 JavaThread "Unconstrained build operations Thread 3" [_thread_blocked, id=6328, stack(0x000000d302000000,0x000000d302100000)]
  0x0000025590e87800 JavaThread "Unconstrained build operations Thread 4" [_thread_blocked, id=6204, stack(0x000000d302100000,0x000000d302200000)]
  0x0000025590e89800 JavaThread "Unconstrained build operations Thread 5" [_thread_blocked, id=3016, stack(0x000000d302200000,0x000000d302300000)]
  0x0000025590e8a000 JavaThread "Unconstrained build operations Thread 6" [_thread_blocked, id=10500, stack(0x000000d302300000,0x000000d302400000)]
  0x0000025590e8b000 JavaThread "Unconstrained build operations Thread 7" [_thread_blocked, id=5008, stack(0x000000d302400000,0x000000d302500000)]
  0x0000025590e8b800 JavaThread "Unconstrained build operations Thread 8" [_thread_blocked, id=428, stack(0x000000d302500000,0x000000d302600000)]
  0x0000025590e87000 JavaThread "Unconstrained build operations Thread 9" [_thread_blocked, id=13580, stack(0x000000d302600000,0x000000d302700000)]
  0x00000255ff297800 JavaThread "Unconstrained build operations Thread 10" [_thread_blocked, id=13656, stack(0x000000d302700000,0x000000d302800000)]
  0x00000255ff292000 JavaThread "Unconstrained build operations Thread 11" [_thread_blocked, id=4172, stack(0x000000d302800000,0x000000d302900000)]
  0x00000255ff292800 JavaThread "Unconstrained build operations Thread 12" [_thread_blocked, id=12488, stack(0x000000d302900000,0x000000d302a00000)]
  0x00000255ff294000 JavaThread "Unconstrained build operations Thread 13" [_thread_blocked, id=3736, stack(0x000000d302a00000,0x000000d302b00000)]
  0x00000255ff298800 JavaThread "Unconstrained build operations Thread 14" [_thread_blocked, id=1972, stack(0x000000d302b00000,0x000000d302c00000)]
  0x00000255ff296800 JavaThread "Unconstrained build operations Thread 15" [_thread_blocked, id=3044, stack(0x000000d302c00000,0x000000d302d00000)]
  0x00000255ff296000 JavaThread "Unconstrained build operations Thread 16" [_thread_blocked, id=7332, stack(0x000000d302d00000,0x000000d302e00000)]
  0x00000255ff299000 JavaThread "Unconstrained build operations Thread 17" [_thread_blocked, id=6608, stack(0x000000d302e00000,0x000000d302f00000)]
  0x00000255ff293800 JavaThread "Unconstrained build operations Thread 18" [_thread_blocked, id=13376, stack(0x000000d302f00000,0x000000d303000000)]
  0x00000255ff29a000 JavaThread "Unconstrained build operations Thread 19" [_thread_blocked, id=13860, stack(0x000000d303000000,0x000000d303100000)]
  0x00000255ff29b000 JavaThread "Unconstrained build operations Thread 20" [_thread_blocked, id=5292, stack(0x000000d303100000,0x000000d303200000)]
  0x00000255ff295000 JavaThread "Unconstrained build operations Thread 21" [_thread_blocked, id=13620, stack(0x000000d303200000,0x000000d303300000)]
  0x00000255ff29c800 JavaThread "Unconstrained build operations Thread 22" [_thread_blocked, id=11292, stack(0x000000d303300000,0x000000d303400000)]
  0x00000255ff29d000 JavaThread "Unconstrained build operations Thread 23" [_thread_blocked, id=11824, stack(0x000000d303400000,0x000000d303500000)]
  0x00000255ff29e000 JavaThread "Unconstrained build operations Thread 24" [_thread_blocked, id=2312, stack(0x000000d303500000,0x000000d303600000)]
  0x00000255ff29f000 JavaThread "Unconstrained build operations Thread 25" [_thread_blocked, id=8336, stack(0x000000d303600000,0x000000d303700000)]
  0x00000255ff29f800 JavaThread "Unconstrained build operations Thread 26" [_thread_blocked, id=9744, stack(0x000000d303700000,0x000000d303800000)]
  0x00000255ff29b800 JavaThread "Unconstrained build operations Thread 27" [_thread_blocked, id=6676, stack(0x000000d303800000,0x000000d303900000)]
  0x00000255ff2a0800 JavaThread "Unconstrained build operations Thread 28" [_thread_blocked, id=11988, stack(0x000000d303900000,0x000000d303a00000)]
  0x000002558f9b1800 JavaThread "Unconstrained build operations Thread 29" [_thread_blocked, id=8856, stack(0x000000d303a00000,0x000000d303b00000)]
  0x000002558f9b0000 JavaThread "Unconstrained build operations Thread 30" [_thread_blocked, id=4640, stack(0x000000d303b00000,0x000000d303c00000)]
  0x000002558f9ad800 JavaThread "Unconstrained build operations Thread 31" [_thread_blocked, id=14248, stack(0x000000d303c00000,0x000000d303d00000)]
  0x000002558f9b2800 JavaThread "Unconstrained build operations Thread 32" [_thread_blocked, id=8908, stack(0x000000d303d00000,0x000000d303e00000)]
  0x000002558f9ae800 JavaThread "Unconstrained build operations Thread 33" [_thread_blocked, id=9756, stack(0x000000d303e00000,0x000000d303f00000)]
  0x000002558f9af000 JavaThread "Unconstrained build operations Thread 34" [_thread_blocked, id=4592, stack(0x000000d303f00000,0x000000d304000000)]
  0x000002558f9b0800 JavaThread "Unconstrained build operations Thread 35" [_thread_blocked, id=1788, stack(0x000000d304000000,0x000000d304100000)]
  0x000002558f9ac800 JavaThread "Unconstrained build operations Thread 36" [_thread_blocked, id=10668, stack(0x000000d304100000,0x000000d304200000)]
  0x000002558f9b5800 JavaThread "Unconstrained build operations Thread 37" [_thread_blocked, id=11952, stack(0x000000d304200000,0x000000d304300000)]
  0x000002558f9b5000 JavaThread "Unconstrained build operations Thread 38" [_thread_blocked, id=9028, stack(0x000000d304300000,0x000000d304400000)]
  0x000002558f9b6800 JavaThread "Unconstrained build operations Thread 39" [_thread_blocked, id=4572, stack(0x000000d304400000,0x000000d304500000)]
  0x000002558f9b7000 JavaThread "Unconstrained build operations Thread 40" [_thread_blocked, id=11016, stack(0x000000d304500000,0x000000d304600000)]
  0x000002558f9b8000 JavaThread "jar transforms Thread 4" [_thread_blocked, id=10180, stack(0x000000d304600000,0x000000d304700000)]
  0x000002558f9b9000 JavaThread "Memory manager" [_thread_blocked, id=12948, stack(0x000000d304700000,0x000000d304800000)]
  0x000002558f9b9800 JavaThread "build event listener" [_thread_blocked, id=8480, stack(0x000000d304800000,0x000000d304900000)]
  0x000002558f9b4000 JavaThread "Execution worker for ':'" [_thread_blocked, id=10844, stack(0x000000d304900000,0x000000d304a00000)]
  0x000002558f9ba800 JavaThread "Execution worker for ':' Thread 2" [_thread_blocked, id=9988, stack(0x000000d304a00000,0x000000d304b00000)]
  0x000002558f9bb800 JavaThread "Execution worker for ':' Thread 3" [_thread_blocked, id=6664, stack(0x000000d304b00000,0x000000d304c00000)]
  0x0000025593dea800 JavaThread "Cache worker for execution history cache (E:\affi\AndroidProjects\Lemonade-App\.gradle\7.3.3\executionHistory)" [_thread_blocked, id=1704, stack(0x000000d304c00000,0x000000d304d00000)]
  0x0000025593deb800 JavaThread "WorkerExecutor Queue" [_thread_blocked, id=768, stack(0x000000d304d00000,0x000000d304e00000)]
  0x0000025593dea000 JavaThread "WorkerExecutor Queue Thread 2" [_thread_blocked, id=2140, stack(0x000000d305100000,0x000000d305200000)]
  0x0000025593dec800 JavaThread "WorkerExecutor Queue Thread 3" [_thread_blocked, id=12588, stack(0x000000d305200000,0x000000d305300000)]
  0x0000025593de8000 JavaThread "WorkerExecutor Queue Thread 4" [_thread_blocked, id=9424, stack(0x000000d305300000,0x000000d305400000)]
  0x00000255fdd6c800 JavaThread "C2 CompilerThread1" daemon [_thread_blocked, id=14284, stack(0x000000d301a00000,0x000000d301b00000)]

Other Threads:
  0x00000255fc00b800 VMThread "VM Thread" [stack: 0x000000d37f400000,0x000000d37f500000] [id=5656]
  0x00000255fca1d800 WatcherThread [stack: 0x000000d37fe00000,0x000000d37ff00000] [id=6796]
=>0x00000255f1405000 GCTaskThread "GC Thread#0" [stack: 0x000000d37ef00000,0x000000d37f000000] [id=8380]
  0x00000255fd580800 GCTaskThread "GC Thread#1" [stack: 0x000000d300000000,0x000000d300100000] [id=328]
  0x00000255fd247800 GCTaskThread "GC Thread#2" [stack: 0x000000d300100000,0x000000d300200000] [id=13764]
  0x00000255fd248000 GCTaskThread "GC Thread#3" [stack: 0x000000d300200000,0x000000d300300000] [id=1484]
  0x00000255f1438800 ConcurrentGCThread "G1 Main Marker" [stack: 0x000000d37f000000,0x000000d37f100000] [id=10000]
  0x00000255f1439800 ConcurrentGCThread "G1 Conc#0" [stack: 0x000000d37f100000,0x000000d37f200000] [id=5320]
  0x00000255f14ce000 ConcurrentGCThread "G1 Refine#0" [stack: 0x000000d37f200000,0x000000d37f300000] [id=8384]
  0x00000255966f1000 ConcurrentGCThread "G1 Refine#1" [stack: 0x000000d305000000,0x000000d305100000] [id=10408]
  0x00000255fbe60800 ConcurrentGCThread "G1 Young RemSet Sampling" [stack: 0x000000d37f300000,0x000000d37f400000] [id=9104]

Threads with active compile tasks:
C2 CompilerThread0  47244 14068       4       com.android.tools.r8.internal.xa::a (148 bytes)
C2 CompilerThread1  47244 14133       4       com.android.tools.r8.graph.d1::a (89 bytes)

VM state:at safepoint (normal execution)

VM Mutex/Monitor currently owned by a thread:  ([mutex/lock_event])
[0x00000255f13ed7d0] Threads_lock - owner thread: 0x00000255fc00b800
[0x00000255f13ecc00] Heap_lock - owner thread: 0x00000255ff29f800

Heap address: 0x0000000080000000, size: 2048 MB, Compressed Oops mode: 32-bit
Narrow klass base: 0x0000000000000000, Narrow klass shift: 3
Compressed class space size: 1073741824 Address: 0x0000000100000000

Heap:
 garbage-first heap   total 236544K, used 169126K [0x0000000080000000, 0x0000000100000000)
  region size 1024K, 71 young (72704K), 9 survivors (9216K)
 Metaspace       used 104713K, capacity 107090K, committed 107340K, reserved 1142784K
  class space    used 13107K, capacity 13918K, committed 13952K, reserved 1048576K
Heap Regions: E=young(eden), S=young(survivor), O=old, HS=humongous(starts), HC=humongous(continues), CS=collection set, F=free, A=archive, TAMS=top-at-mark-start (previous, next)
|   0|0x0000000080000000, 0x0000000080100000, 0x0000000080100000|100%| O|  |TAMS 0x0000000080100000, 0x0000000080000000| Untracked 
|   1|0x0000000080100000, 0x0000000080200000, 0x0000000080200000|100%| O|  |TAMS 0x0000000080200000, 0x0000000080100000| Untracked 
|   2|0x0000000080200000, 0x0000000080300000, 0x0000000080300000|100%| O|  |TAMS 0x0000000080300000, 0x0000000080200000| Untracked 
|   3|0x0000000080300000, 0x0000000080400000, 0x0000000080400000|100%|HS|  |TAMS 0x0000000080400000, 0x0000000080300000| Complete 
|   4|0x0000000080400000, 0x0000000080500000, 0x0000000080500000|100%|HC|  |TAMS 0x0000000080500000, 0x0000000080400000| Complete 
|   5|0x0000000080500000, 0x0000000080600000, 0x0000000080600000|100%|HC|  |TAMS 0x0000000080600000, 0x0000000080500000| Complete 
|   6|0x0000000080600000, 0x0000000080700000, 0x0000000080700000|100%| O|  |TAMS 0x0000000080700000, 0x0000000080600000| Untracked 
|   7|0x0000000080700000, 0x0000000080800000, 0x0000000080800000|100%| O|  |TAMS 0x0000000080800000, 0x0000000080700000| Untracked 
|   8|0x0000000080800000, 0x0000000080900000, 0x0000000080900000|100%| O|  |TAMS 0x0000000080900000, 0x0000000080800000| Untracked 
|   9|0x0000000080900000, 0x0000000080a00000, 0x0000000080a00000|100%| O|  |TAMS 0x0000000080a00000, 0x0000000080900000| Untracked 
|  10|0x0000000080a00000, 0x0000000080b00000, 0x0000000080b00000|100%| O|  |TAMS 0x0000000080b00000, 0x0000000080a00000| Untracked 
|  11|0x0000000080b00000, 0x0000000080c00000, 0x0000000080c00000|100%| O|  |TAMS 0x0000000080c00000, 0x0000000080b00000| Untracked 
|  12|0x0000000080c00000, 0x0000000080d00000, 0x0000000080d00000|100%| O|  |TAMS 0x0000000080d00000, 0x0000000080c00000| Untracked 
|  13|0x0000000080d00000, 0x0000000080e00000, 0x0000000080e00000|100%| O|  |TAMS 0x0000000080e00000, 0x0000000080d00000| Untracked 
|  14|0x0000000080e00000, 0x0000000080f00000, 0x0000000080f00000|100%| O|  |TAMS 0x0000000080f00000, 0x0000000080e00000| Untracked 
|  15|0x0000000080f00000, 0x0000000081000000, 0x0000000081000000|100%| O|  |TAMS 0x0000000081000000, 0x0000000080f00000| Untracked 
|  16|0x0000000081000000, 0x0000000081100000, 0x0000000081100000|100%| O|  |TAMS 0x0000000081100000, 0x0000000081000000| Untracked 
|  17|0x0000000081100000, 0x0000000081200000, 0x0000000081200000|100%| O|  |TAMS 0x0000000081200000, 0x0000000081100000| Untracked 
|  18|0x0000000081200000, 0x0000000081300000, 0x0000000081300000|100%| O|  |TAMS 0x0000000081300000, 0x0000000081200000| Untracked 
|  19|0x0000000081300000, 0x0000000081400000, 0x0000000081400000|100%| O|  |TAMS 0x0000000081400000, 0x0000000081300000| Untracked 
|  20|0x0000000081400000, 0x0000000081500000, 0x0000000081500000|100%| O|  |TAMS 0x0000000081500000, 0x0000000081400000| Untracked 
|  21|0x0000000081500000, 0x0000000081600000, 0x0000000081600000|100%| O|  |TAMS 0x0000000081600000, 0x0000000081500000| Untracked 
|  22|0x0000000081600000, 0x0000000081700000, 0x0000000081700000|100%|HS|  |TAMS 0x0000000081700000, 0x0000000081600000| Complete 
|  23|0x0000000081700000, 0x0000000081800000, 0x0000000081800000|100%|HS|  |TAMS 0x0000000081800000, 0x0000000081700000| Complete 
|  24|0x0000000081800000, 0x0000000081900000, 0x0000000081900000|100%|HS|  |TAMS 0x0000000081900000, 0x0000000081800000| Complete 
|  25|0x0000000081900000, 0x0000000081a00000, 0x0000000081a00000|100%|HS|  |TAMS 0x0000000081a00000, 0x0000000081900000| Complete 
|  26|0x0000000081a00000, 0x0000000081b00000, 0x0000000081b00000|100%|HC|  |TAMS 0x0000000081b00000, 0x0000000081a00000| Complete 
|  27|0x0000000081b00000, 0x0000000081c00000, 0x0000000081c00000|100%|HC|  |TAMS 0x0000000081c00000, 0x0000000081b00000| Complete 
|  28|0x0000000081c00000, 0x0000000081d00000, 0x0000000081d00000|100%|HS|  |TAMS 0x0000000081d00000, 0x0000000081c00000| Complete 
|  29|0x0000000081d00000, 0x0000000081e00000, 0x0000000081e00000|100%|HC|  |TAMS 0x0000000081e00000, 0x0000000081d00000| Complete 
|  30|0x0000000081e00000, 0x0000000081f00000, 0x0000000081f00000|100%| O|  |TAMS 0x0000000081f00000, 0x0000000081e00000| Untracked 
|  31|0x0000000081f00000, 0x0000000082000000, 0x0000000082000000|100%| O|  |TAMS 0x0000000082000000, 0x0000000081f00000| Untracked 
|  32|0x0000000082000000, 0x0000000082100000, 0x0000000082100000|100%| O|  |TAMS 0x0000000082100000, 0x0000000082000000| Untracked 
|  33|0x0000000082100000, 0x0000000082200000, 0x0000000082200000|100%| O|  |TAMS 0x0000000082200000, 0x0000000082100000| Untracked 
|  34|0x0000000082200000, 0x0000000082300000, 0x0000000082300000|100%| O|  |TAMS 0x0000000082300000, 0x0000000082200000| Untracked 
|  35|0x0000000082300000, 0x0000000082400000, 0x0000000082400000|100%| O|  |TAMS 0x0000000082400000, 0x0000000082300000| Untracked 
|  36|0x0000000082400000, 0x0000000082500000, 0x0000000082500000|100%| O|  |TAMS 0x0000000082500000, 0x0000000082400000| Untracked 
|  37|0x0000000082500000, 0x0000000082600000, 0x0000000082600000|100%| O|  |TAMS 0x0000000082600000, 0x0000000082500000| Untracked 
|  38|0x0000000082600000, 0x0000000082700000, 0x0000000082700000|100%| O|  |TAMS 0x0000000082700000, 0x0000000082600000| Untracked 
|  39|0x0000000082700000, 0x0000000082800000, 0x0000000082800000|100%| O|  |TAMS 0x0000000082800000, 0x0000000082700000| Untracked 
|  40|0x0000000082800000, 0x0000000082900000, 0x0000000082900000|100%| O|  |TAMS 0x0000000082900000, 0x0000000082800000| Untracked 
|  41|0x0000000082900000, 0x0000000082a00000, 0x0000000082a00000|100%| O|  |TAMS 0x0000000082a00000, 0x0000000082900000| Untracked 
|  42|0x0000000082a00000, 0x0000000082b00000, 0x0000000082b00000|100%| O|  |TAMS 0x0000000082b00000, 0x0000000082a00000| Untracked 
|  43|0x0000000082b00000, 0x0000000082c00000, 0x0000000082c00000|100%| O|  |TAMS 0x0000000082c00000, 0x0000000082b00000| Untracked 
|  44|0x0000000082c00000, 0x0000000082d00000, 0x0000000082d00000|100%| O|  |TAMS 0x0000000082d00000, 0x0000000082c00000| Untracked 
|  45|0x0000000082d00000, 0x0000000082e00000, 0x0000000082e00000|100%| O|  |TAMS 0x0000000082e00000, 0x0000000082d00000| Untracked 
|  46|0x0000000082e00000, 0x0000000082f00000, 0x0000000082f00000|100%| O|  |TAMS 0x0000000082f00000, 0x0000000082e00000| Untracked 
|  47|0x0000000082f00000, 0x0000000083000000, 0x0000000083000000|100%| O|  |TAMS 0x0000000083000000, 0x0000000082f00000| Untracked 
|  48|0x0000000083000000, 0x0000000083100000, 0x0000000083100000|100%| O|  |TAMS 0x0000000083100000, 0x0000000083000000| Untracked 
|  49|0x0000000083100000, 0x0000000083200000, 0x0000000083200000|100%| O|  |TAMS 0x0000000083200000, 0x0000000083100000| Untracked 
|  50|0x0000000083200000, 0x0000000083300000, 0x0000000083300000|100%| O|  |TAMS 0x0000000083300000, 0x0000000083200000| Untracked 
|  51|0x0000000083300000, 0x0000000083400000, 0x0000000083400000|100%| O|  |TAMS 0x0000000083400000, 0x0000000083300000| Untracked 
|  52|0x0000000083400000, 0x0000000083500000, 0x0000000083500000|100%| O|  |TAMS 0x0000000083500000, 0x0000000083400000| Untracked 
|  53|0x0000000083500000, 0x0000000083600000, 0x0000000083600000|100%| O|  |TAMS 0x0000000083600000, 0x0000000083500000| Untracked 
|  54|0x0000000083600000, 0x0000000083700000, 0x0000000083700000|100%| O|  |TAMS 0x0000000083700000, 0x0000000083600000| Untracked 
|  55|0x0000000083700000, 0x0000000083800000, 0x0000000083800000|100%| O|  |TAMS 0x0000000083800000, 0x0000000083700000| Untracked 
|  56|0x0000000083800000, 0x0000000083900000, 0x0000000083900000|100%| O|  |TAMS 0x0000000083900000, 0x0000000083800000| Untracked 
|  57|0x0000000083900000, 0x0000000083a00000, 0x0000000083a00000|100%| O|  |TAMS 0x0000000083a00000, 0x0000000083900000| Untracked 
|  58|0x0000000083a00000, 0x0000000083b00000, 0x0000000083b00000|100%| O|  |TAMS 0x0000000083b00000, 0x0000000083a00000| Untracked 
|  59|0x0000000083b00000, 0x0000000083c00000, 0x0000000083c00000|100%| O|  |TAMS 0x0000000083c00000, 0x0000000083b00000| Untracked 
|  60|0x0000000083c00000, 0x0000000083d00000, 0x0000000083d00000|100%| O|  |TAMS 0x0000000083d00000, 0x0000000083c00000| Untracked 
|  61|0x0000000083d00000, 0x0000000083e00000, 0x0000000083e00000|100%| O|  |TAMS 0x0000000083e00000, 0x0000000083d00000| Untracked 
|  62|0x0000000083e00000, 0x0000000083f00000, 0x0000000083f00000|100%| O|  |TAMS 0x0000000083f00000, 0x0000000083e00000| Untracked 
|  63|0x0000000083f00000, 0x0000000084000000, 0x0000000084000000|100%| O|  |TAMS 0x0000000084000000, 0x0000000083f00000| Untracked 
|  64|0x0000000084000000, 0x0000000084100000, 0x0000000084100000|100%| O|  |TAMS 0x0000000084100000, 0x0000000084000000| Untracked 
|  65|0x0000000084100000, 0x0000000084200000, 0x0000000084200000|100%| O|  |TAMS 0x0000000084200000, 0x0000000084100000| Untracked 
|  66|0x0000000084200000, 0x0000000084300000, 0x0000000084300000|100%| O|  |TAMS 0x0000000084200000, 0x0000000084200000| Untracked 
|  67|0x0000000084300000, 0x0000000084400000, 0x0000000084400000|100%| O|  |TAMS 0x0000000084400000, 0x0000000084300000| Untracked 
|  68|0x0000000084400000, 0x0000000084500000, 0x0000000084500000|100%| O|  |TAMS 0x0000000084500000, 0x0000000084400000| Untracked 
|  69|0x0000000084500000, 0x0000000084600000, 0x0000000084600000|100%| O|  |TAMS 0x0000000084600000, 0x0000000084500000| Untracked 
|  70|0x0000000084600000, 0x0000000084700000, 0x0000000084700000|100%| O|  |TAMS 0x0000000084700000, 0x0000000084600000| Untracked 
|  71|0x0000000084700000, 0x0000000084800000, 0x0000000084800000|100%| O|  |TAMS 0x0000000084800000, 0x0000000084700000| Untracked 
|  72|0x0000000084800000, 0x0000000084900000, 0x0000000084900000|100%| O|  |TAMS 0x0000000084900000, 0x0000000084800000| Untracked 
|  73|0x0000000084900000, 0x0000000084a00000, 0x0000000084a00000|100%| O|  |TAMS 0x0000000084a00000, 0x0000000084900000| Untracked 
|  74|0x0000000084a00000, 0x0000000084b00000, 0x0000000084b00000|100%| O|  |TAMS 0x0000000084b00000, 0x0000000084a00000| Untracked 
|  75|0x0000000084b00000, 0x0000000084c00000, 0x0000000084c00000|100%| O|  |TAMS 0x0000000084c00000, 0x0000000084b00000| Untracked 
|  76|0x0000000084c00000, 0x0000000084d00000, 0x0000000084d00000|100%| O|  |TAMS 0x0000000084c00000, 0x0000000084c00000| Untracked 
|  77|0x0000000084d00000, 0x0000000084e00000, 0x0000000084e00000|100%|HS|  |TAMS 0x0000000084d00000, 0x0000000084d00000| Complete 
|  78|0x0000000084e00000, 0x0000000084f00000, 0x0000000084f00000|100%| O|  |TAMS 0x0000000084f00000, 0x0000000084e00000| Untracked 
|  79|0x0000000084f00000, 0x0000000085000000, 0x0000000085000000|100%| O|  |TAMS 0x0000000085000000, 0x0000000084f00000| Untracked 
|  80|0x0000000085000000, 0x0000000085100000, 0x0000000085100000|100%| O|  |TAMS 0x0000000085100000, 0x0000000085000000| Untracked 
|  81|0x0000000085100000, 0x0000000085200000, 0x0000000085200000|100%| O|  |TAMS 0x0000000085200000, 0x0000000085100000| Untracked 
|  82|0x0000000085200000, 0x0000000085300000, 0x0000000085300000|100%| O|  |TAMS 0x0000000085300000, 0x0000000085200000| Untracked 
|  83|0x0000000085300000, 0x0000000085400000, 0x0000000085400000|100%| O|  |TAMS 0x0000000085400000, 0x0000000085300000| Untracked 
|  84|0x0000000085400000, 0x0000000085500000, 0x0000000085500000|100%| O|  |TAMS 0x0000000085400000, 0x0000000085400000| Untracked 
|  85|0x0000000085500000, 0x0000000085600000, 0x0000000085600000|100%| O|  |TAMS 0x0000000085500000, 0x0000000085500000| Untracked 
|  86|0x0000000085600000, 0x0000000085700000, 0x0000000085700000|100%| O|  |TAMS 0x0000000085600000, 0x0000000085600000| Untracked 
|  87|0x0000000085700000, 0x0000000085800000, 0x0000000085800000|100%| O|  |TAMS 0x0000000085800000, 0x0000000085700000| Untracked 
|  88|0x0000000085800000, 0x0000000085900000, 0x0000000085900000|100%| O|  |TAMS 0x0000000085900000, 0x0000000085800000| Untracked 
|  89|0x0000000085900000, 0x0000000085a00000, 0x0000000085a00000|100%| O|  |TAMS 0x0000000085a00000, 0x0000000085900000| Untracked 
|  90|0x0000000085a00000, 0x0000000085b00000, 0x0000000085b00000|100%| O|  |TAMS 0x0000000085b00000, 0x0000000085a00000| Untracked 
|  91|0x0000000085b00000, 0x0000000085c00000, 0x0000000085c00000|100%| O|  |TAMS 0x0000000085b47800, 0x0000000085b00000| Untracked 
|  92|0x0000000085c00000, 0x0000000085d00000, 0x0000000085d00000|100%|HS|  |TAMS 0x0000000085c00000, 0x0000000085c00000| Complete 
|  93|0x0000000085d00000, 0x0000000085e00000, 0x0000000085e00000|100%| O|  |TAMS 0x0000000085d00000, 0x0000000085d00000| Untracked 
|  94|0x0000000085e00000, 0x0000000085f00000, 0x0000000085f00000|100%| O|  |TAMS 0x0000000085e00000, 0x0000000085e00000| Untracked 
|  95|0x0000000085f00000, 0x0000000086000000, 0x0000000086000000|100%| O|  |TAMS 0x0000000085f00000, 0x0000000085f00000| Untracked 
|  96|0x0000000086000000, 0x0000000086100000, 0x0000000086100000|100%| O|  |TAMS 0x0000000086000000, 0x0000000086000000| Untracked 
|  97|0x0000000086100000, 0x000000008612b660, 0x0000000086200000| 16%| O|  |TAMS 0x0000000086100000, 0x0000000086100000| Untracked 
|  98|0x0000000086200000, 0x0000000086200000, 0x0000000086300000|  0%| F|  |TAMS 0x0000000086200000, 0x0000000086200000| Untracked 
|  99|0x0000000086300000, 0x0000000086300000, 0x0000000086400000|  0%| F|  |TAMS 0x0000000086300000, 0x0000000086300000| Untracked 
| 100|0x0000000086400000, 0x0000000086400000, 0x0000000086500000|  0%| F|  |TAMS 0x0000000086400000, 0x0000000086400000| Untracked 
| 101|0x0000000086500000, 0x0000000086600000, 0x0000000086600000|100%| O|  |TAMS 0x0000000086600000, 0x0000000086500000| Untracked 
| 102|0x0000000086600000, 0x0000000086600000, 0x0000000086700000|  0%| F|  |TAMS 0x0000000086600000, 0x0000000086600000| Untracked 
| 103|0x0000000086700000, 0x0000000086700000, 0x0000000086800000|  0%| F|  |TAMS 0x0000000086700000, 0x0000000086700000| Untracked 
| 104|0x0000000086800000, 0x0000000086800000, 0x0000000086900000|  0%| F|  |TAMS 0x0000000086800000, 0x0000000086800000| Untracked 
| 105|0x0000000086900000, 0x0000000086900000, 0x0000000086a00000|  0%| F|  |TAMS 0x0000000086900000, 0x0000000086900000| Untracked 
| 106|0x0000000086a00000, 0x0000000086a00000, 0x0000000086b00000|  0%| F|  |TAMS 0x0000000086a00000, 0x0000000086a00000| Untracked 
| 107|0x0000000086b00000, 0x0000000086b00000, 0x0000000086c00000|  0%| F|  |TAMS 0x0000000086b00000, 0x0000000086b00000| Untracked 
| 108|0x0000000086c00000, 0x0000000086d00000, 0x0000000086d00000|100%| O|  |TAMS 0x0000000086d00000, 0x0000000086c00000| Untracked 
| 109|0x0000000086d00000, 0x0000000086e00000, 0x0000000086e00000|100%| O|  |TAMS 0x0000000086e00000, 0x0000000086d00000| Untracked 
| 110|0x0000000086e00000, 0x0000000086f00000, 0x0000000086f00000|100%| O|  |TAMS 0x0000000086f00000, 0x0000000086e00000| Untracked 
| 111|0x0000000086f00000, 0x0000000086f00000, 0x0000000087000000|  0%| F|  |TAMS 0x0000000086f00000, 0x0000000086f00000| Untracked 
| 112|0x0000000087000000, 0x0000000087000000, 0x0000000087100000|  0%| F|  |TAMS 0x0000000087000000, 0x0000000087000000| Untracked 
| 113|0x0000000087100000, 0x0000000087100000, 0x0000000087200000|  0%| F|  |TAMS 0x0000000087100000, 0x0000000087100000| Untracked 
| 114|0x0000000087200000, 0x0000000087300000, 0x0000000087300000|100%| O|  |TAMS 0x0000000087300000, 0x0000000087200000| Untracked 
| 115|0x0000000087300000, 0x0000000087300000, 0x0000000087400000|  0%| F|  |TAMS 0x0000000087300000, 0x0000000087300000| Untracked 
| 116|0x0000000087400000, 0x0000000087400000, 0x0000000087500000|  0%| F|  |TAMS 0x0000000087400000, 0x0000000087400000| Untracked 
| 117|0x0000000087500000, 0x0000000087500000, 0x0000000087600000|  0%| F|  |TAMS 0x0000000087500000, 0x0000000087500000| Untracked 
| 118|0x0000000087600000, 0x0000000087600000, 0x0000000087700000|  0%| F|  |TAMS 0x0000000087600000, 0x0000000087600000| Untracked 
| 119|0x0000000087700000, 0x0000000087700000, 0x0000000087800000|  0%| F|  |TAMS 0x0000000087700000, 0x0000000087700000| Untracked 
| 120|0x0000000087800000, 0x0000000087800000, 0x0000000087900000|  0%| F|  |TAMS 0x0000000087800000, 0x0000000087800000| Untracked 
| 121|0x0000000087900000, 0x0000000087900000, 0x0000000087a00000|  0%| F|  |TAMS 0x0000000087900000, 0x0000000087900000| Untracked 
| 122|0x0000000087a00000, 0x0000000087a00000, 0x0000000087b00000|  0%| F|  |TAMS 0x0000000087a00000, 0x0000000087a00000| Untracked 
| 123|0x0000000087b00000, 0x0000000087b00000, 0x0000000087c00000|  0%| F|  |TAMS 0x0000000087b00000, 0x0000000087b00000| Untracked 
| 124|0x0000000087c00000, 0x0000000087c00000, 0x0000000087d00000|  0%| F|  |TAMS 0x0000000087c00000, 0x0000000087c00000| Untracked 
| 125|0x0000000087d00000, 0x0000000087d00000, 0x0000000087e00000|  0%| F|  |TAMS 0x0000000087d00000, 0x0000000087d00000| Untracked 
| 126|0x0000000087e00000, 0x0000000087e00000, 0x0000000087f00000|  0%| F|  |TAMS 0x0000000087e00000, 0x0000000087e00000| Untracked 
| 127|0x0000000087f00000, 0x0000000087f00000, 0x0000000088000000|  0%| F|  |TAMS 0x0000000087f00000, 0x0000000087f00000| Untracked 
| 128|0x0000000088000000, 0x0000000088100000, 0x0000000088100000|100%| O|  |TAMS 0x0000000088100000, 0x0000000088000000| Untracked 
| 129|0x0000000088100000, 0x0000000088100000, 0x0000000088200000|  0%| F|  |TAMS 0x0000000088100000, 0x0000000088100000| Untracked 
| 130|0x0000000088200000, 0x0000000088200000, 0x0000000088300000|  0%| F|  |TAMS 0x0000000088200000, 0x0000000088200000| Untracked 
| 131|0x0000000088300000, 0x0000000088300000, 0x0000000088400000|  0%| F|  |TAMS 0x0000000088300000, 0x0000000088300000| Untracked 
| 132|0x0000000088400000, 0x0000000088400000, 0x0000000088500000|  0%| F|  |TAMS 0x0000000088400000, 0x0000000088400000| Untracked 
| 133|0x0000000088500000, 0x0000000088500000, 0x0000000088600000|  0%| F|  |TAMS 0x0000000088500000, 0x0000000088500000| Untracked 
| 134|0x0000000088600000, 0x0000000088600000, 0x0000000088700000|  0%| F|  |TAMS 0x0000000088600000, 0x0000000088600000| Untracked 
| 135|0x0000000088700000, 0x0000000088700000, 0x0000000088800000|  0%| F|  |TAMS 0x0000000088700000, 0x0000000088700000| Untracked 
| 136|0x0000000088800000, 0x0000000088800000, 0x0000000088900000|  0%| F|  |TAMS 0x0000000088800000, 0x0000000088800000| Untracked 
| 137|0x0000000088900000, 0x0000000088900000, 0x0000000088a00000|  0%| F|  |TAMS 0x0000000088900000, 0x0000000088900000| Untracked 
| 138|0x0000000088a00000, 0x0000000088a00000, 0x0000000088b00000|  0%| F|  |TAMS 0x0000000088a00000, 0x0000000088a00000| Untracked 
| 139|0x0000000088b00000, 0x0000000088b00000, 0x0000000088c00000|  0%| F|  |TAMS 0x0000000088b00000, 0x0000000088b00000| Untracked 
| 140|0x0000000088c00000, 0x0000000088c00000, 0x0000000088d00000|  0%| F|  |TAMS 0x0000000088c00000, 0x0000000088c00000| Untracked 
| 141|0x0000000088d00000, 0x0000000088d00000, 0x0000000088e00000|  0%| F|  |TAMS 0x0000000088d00000, 0x0000000088d00000| Untracked 
| 142|0x0000000088e00000, 0x0000000088e00000, 0x0000000088f00000|  0%| F|  |TAMS 0x0000000088e00000, 0x0000000088e00000| Untracked 
| 143|0x0000000088f00000, 0x0000000088f00000, 0x0000000089000000|  0%| F|  |TAMS 0x0000000088f00000, 0x0000000088f00000| Untracked 
| 144|0x0000000089000000, 0x0000000089000000, 0x0000000089100000|  0%| F|  |TAMS 0x0000000089000000, 0x0000000089000000| Untracked 
| 145|0x0000000089100000, 0x0000000089100000, 0x0000000089200000|  0%| F|  |TAMS 0x0000000089100000, 0x0000000089100000| Untracked 
| 146|0x0000000089200000, 0x0000000089200000, 0x0000000089300000|  0%| F|  |TAMS 0x0000000089200000, 0x0000000089200000| Untracked 
| 147|0x0000000089300000, 0x0000000089300000, 0x0000000089400000|  0%| F|  |TAMS 0x0000000089300000, 0x0000000089300000| Untracked 
| 148|0x0000000089400000, 0x0000000089400000, 0x0000000089500000|  0%| F|  |TAMS 0x0000000089400000, 0x0000000089400000| Untracked 
| 149|0x0000000089500000, 0x0000000089500000, 0x0000000089600000|  0%| F|  |TAMS 0x0000000089500000, 0x0000000089500000| Untracked 
| 150|0x0000000089600000, 0x0000000089600000, 0x0000000089700000|  0%| F|  |TAMS 0x0000000089600000, 0x0000000089600000| Untracked 
| 151|0x0000000089700000, 0x0000000089700000, 0x0000000089800000|  0%| F|  |TAMS 0x0000000089700000, 0x0000000089700000| Untracked 
| 152|0x0000000089800000, 0x0000000089800000, 0x0000000089900000|  0%| F|  |TAMS 0x0000000089800000, 0x0000000089800000| Untracked 
| 153|0x0000000089900000, 0x0000000089900000, 0x0000000089a00000|  0%| F|  |TAMS 0x0000000089900000, 0x0000000089900000| Untracked 
| 154|0x0000000089a00000, 0x0000000089a00000, 0x0000000089b00000|  0%| F|  |TAMS 0x0000000089a00000, 0x0000000089a00000| Untracked 
| 155|0x0000000089b00000, 0x0000000089c00000, 0x0000000089c00000|100%| S|  |TAMS 0x0000000089b00000, 0x0000000089b00000| Complete 
| 156|0x0000000089c00000, 0x0000000089d00000, 0x0000000089d00000|100%| S|  |TAMS 0x0000000089c00000, 0x0000000089c00000| Complete 
| 157|0x0000000089d00000, 0x0000000089e00000, 0x0000000089e00000|100%| S|  |TAMS 0x0000000089d00000, 0x0000000089d00000| Complete 
| 158|0x0000000089e00000, 0x0000000089f00000, 0x0000000089f00000|100%| S|  |TAMS 0x0000000089e00000, 0x0000000089e00000| Complete 
| 159|0x0000000089f00000, 0x000000008a000000, 0x000000008a000000|100%| S|  |TAMS 0x0000000089f00000, 0x0000000089f00000| Complete 
| 160|0x000000008a000000, 0x000000008a100000, 0x000000008a100000|100%| S|  |TAMS 0x000000008a000000, 0x000000008a000000| Complete 
| 161|0x000000008a100000, 0x000000008a200000, 0x000000008a200000|100%| S|  |TAMS 0x000000008a100000, 0x000000008a100000| Complete 
| 162|0x000000008a200000, 0x000000008a300000, 0x000000008a300000|100%| S|  |TAMS 0x000000008a200000, 0x000000008a200000| Complete 
| 163|0x000000008a300000, 0x000000008a400000, 0x000000008a400000|100%| S|  |TAMS 0x000000008a300000, 0x000000008a300000| Complete 
| 164|0x000000008a400000, 0x000000008a500000, 0x000000008a500000|100%| E|CS|TAMS 0x000000008a400000, 0x000000008a400000| Complete 
| 165|0x000000008a500000, 0x000000008a600000, 0x000000008a600000|100%| E|CS|TAMS 0x000000008a500000, 0x000000008a500000| Complete 
| 166|0x000000008a600000, 0x000000008a700000, 0x000000008a700000|100%| E|CS|TAMS 0x000000008a600000, 0x000000008a600000| Complete 
| 167|0x000000008a700000, 0x000000008a800000, 0x000000008a800000|100%| E|CS|TAMS 0x000000008a700000, 0x000000008a700000| Complete 
| 168|0x000000008a800000, 0x000000008a900000, 0x000000008a900000|100%| E|CS|TAMS 0x000000008a800000, 0x000000008a800000| Complete 
| 169|0x000000008a900000, 0x000000008aa00000, 0x000000008aa00000|100%| E|CS|TAMS 0x000000008a900000, 0x000000008a900000| Complete 
| 170|0x000000008aa00000, 0x000000008ab00000, 0x000000008ab00000|100%| E|CS|TAMS 0x000000008aa00000, 0x000000008aa00000| Complete 
| 171|0x000000008ab00000, 0x000000008ac00000, 0x000000008ac00000|100%| E|CS|TAMS 0x000000008ab00000, 0x000000008ab00000| Complete 
| 172|0x000000008ac00000, 0x000000008ad00000, 0x000000008ad00000|100%| E|CS|TAMS 0x000000008ac00000, 0x000000008ac00000| Complete 
| 173|0x000000008ad00000, 0x000000008ae00000, 0x000000008ae00000|100%| E|CS|TAMS 0x000000008ad00000, 0x000000008ad00000| Complete 
| 174|0x000000008ae00000, 0x000000008af00000, 0x000000008af00000|100%| E|CS|TAMS 0x000000008ae00000, 0x000000008ae00000| Complete 
| 175|0x000000008af00000, 0x000000008b000000, 0x000000008b000000|100%| E|CS|TAMS 0x000000008af00000, 0x000000008af00000| Complete 
| 176|0x000000008b000000, 0x000000008b100000, 0x000000008b100000|100%| E|CS|TAMS 0x000000008b000000, 0x000000008b000000| Complete 
| 177|0x000000008b100000, 0x000000008b200000, 0x000000008b200000|100%| E|CS|TAMS 0x000000008b100000, 0x000000008b100000| Complete 
| 178|0x000000008b200000, 0x000000008b300000, 0x000000008b300000|100%| E|CS|TAMS 0x000000008b200000, 0x000000008b200000| Complete 
| 179|0x000000008b300000, 0x000000008b400000, 0x000000008b400000|100%| E|CS|TAMS 0x000000008b300000, 0x000000008b300000| Complete 
| 180|0x000000008b400000, 0x000000008b500000, 0x000000008b500000|100%| E|CS|TAMS 0x000000008b400000, 0x000000008b400000| Complete 
| 181|0x000000008b500000, 0x000000008b600000, 0x000000008b600000|100%| E|CS|TAMS 0x000000008b500000, 0x000000008b500000| Complete 
| 182|0x000000008b600000, 0x000000008b700000, 0x000000008b700000|100%| E|CS|TAMS 0x000000008b600000, 0x000000008b600000| Complete 
| 183|0x000000008b700000, 0x000000008b800000, 0x000000008b800000|100%| E|CS|TAMS 0x000000008b700000, 0x000000008b700000| Complete 
| 184|0x000000008b800000, 0x000000008b900000, 0x000000008b900000|100%| E|CS|TAMS 0x000000008b800000, 0x000000008b800000| Complete 
| 185|0x000000008b900000, 0x000000008ba00000, 0x000000008ba00000|100%| E|CS|TAMS 0x000000008b900000, 0x000000008b900000| Complete 
| 186|0x000000008ba00000, 0x000000008bb00000, 0x000000008bb00000|100%| E|CS|TAMS 0x000000008ba00000, 0x000000008ba00000| Complete 
| 187|0x000000008bb00000, 0x000000008bc00000, 0x000000008bc00000|100%| E|CS|TAMS 0x000000008bb00000, 0x000000008bb00000| Complete 
| 188|0x000000008bc00000, 0x000000008bd00000, 0x000000008bd00000|100%| E|CS|TAMS 0x000000008bc00000, 0x000000008bc00000| Complete 
| 189|0x000000008bd00000, 0x000000008be00000, 0x000000008be00000|100%| E|CS|TAMS 0x000000008bd00000, 0x000000008bd00000| Complete 
| 190|0x000000008be00000, 0x000000008bf00000, 0x000000008bf00000|100%| E|CS|TAMS 0x000000008be00000, 0x000000008be00000| Complete 
| 191|0x000000008bf00000, 0x000000008c000000, 0x000000008c000000|100%| E|CS|TAMS 0x000000008bf00000, 0x000000008bf00000| Complete 
| 192|0x000000008c000000, 0x000000008c100000, 0x000000008c100000|100%| E|CS|TAMS 0x000000008c000000, 0x000000008c000000| Complete 
| 193|0x000000008c100000, 0x000000008c200000, 0x000000008c200000|100%| E|CS|TAMS 0x000000008c100000, 0x000000008c100000| Complete 
| 194|0x000000008c200000, 0x000000008c300000, 0x000000008c300000|100%| E|CS|TAMS 0x000000008c200000, 0x000000008c200000| Complete 
| 195|0x000000008c300000, 0x000000008c400000, 0x000000008c400000|100%| E|CS|TAMS 0x000000008c300000, 0x000000008c300000| Complete 
| 196|0x000000008c400000, 0x000000008c500000, 0x000000008c500000|100%| E|CS|TAMS 0x000000008c400000, 0x000000008c400000| Complete 
| 197|0x000000008c500000, 0x000000008c600000, 0x000000008c600000|100%| E|CS|TAMS 0x000000008c500000, 0x000000008c500000| Complete 
| 198|0x000000008c600000, 0x000000008c700000, 0x000000008c700000|100%| E|CS|TAMS 0x000000008c600000, 0x000000008c600000| Complete 
| 199|0x000000008c700000, 0x000000008c800000, 0x000000008c800000|100%| E|CS|TAMS 0x000000008c700000, 0x000000008c700000| Complete 
| 200|0x000000008c800000, 0x000000008c900000, 0x000000008c900000|100%| E|CS|TAMS 0x000000008c800000, 0x000000008c800000| Complete 
| 201|0x000000008c900000, 0x000000008ca00000, 0x000000008ca00000|100%| E|CS|TAMS 0x000000008c900000, 0x000000008c900000| Complete 
| 202|0x000000008ca00000, 0x000000008cb00000, 0x000000008cb00000|100%| E|CS|TAMS 0x000000008ca00000, 0x000000008ca00000| Complete 
| 203|0x000000008cb00000, 0x000000008cc00000, 0x000000008cc00000|100%| E|CS|TAMS 0x000000008cb00000, 0x000000008cb00000| Complete 
| 204|0x000000008cc00000, 0x000000008cd00000, 0x000000008cd00000|100%| E|CS|TAMS 0x000000008cc00000, 0x000000008cc00000| Complete 
| 205|0x000000008cd00000, 0x000000008ce00000, 0x000000008ce00000|100%| E|CS|TAMS 0x000000008cd00000, 0x000000008cd00000| Complete 
| 206|0x000000008ce00000, 0x000000008cf00000, 0x000000008cf00000|100%| E|CS|TAMS 0x000000008ce00000, 0x000000008ce00000| Complete 
| 207|0x000000008cf00000, 0x000000008d000000, 0x000000008d000000|100%| E|CS|TAMS 0x000000008cf00000, 0x000000008cf00000| Complete 
| 208|0x000000008d000000, 0x000000008d100000, 0x000000008d100000|100%| E|CS|TAMS 0x000000008d000000, 0x000000008d000000| Complete 
| 209|0x000000008d100000, 0x000000008d200000, 0x000000008d200000|100%| E|CS|TAMS 0x000000008d100000, 0x000000008d100000| Complete 
| 210|0x000000008d200000, 0x000000008d300000, 0x000000008d300000|100%| E|CS|TAMS 0x000000008d200000, 0x000000008d200000| Complete 
| 211|0x000000008d300000, 0x000000008d400000, 0x000000008d400000|100%| E|CS|TAMS 0x000000008d300000, 0x000000008d300000| Complete 
| 212|0x000000008d400000, 0x000000008d500000, 0x000000008d500000|100%| E|CS|TAMS 0x000000008d400000, 0x000000008d400000| Complete 
| 213|0x000000008d500000, 0x000000008d600000, 0x000000008d600000|100%| E|CS|TAMS 0x000000008d500000, 0x000000008d500000| Complete 
| 214|0x000000008d600000, 0x000000008d700000, 0x000000008d700000|100%| E|CS|TAMS 0x000000008d600000, 0x000000008d600000| Complete 
| 215|0x000000008d700000, 0x000000008d800000, 0x000000008d800000|100%| E|CS|TAMS 0x000000008d700000, 0x000000008d700000| Complete 
| 216|0x000000008d800000, 0x000000008d900000, 0x000000008d900000|100%| E|CS|TAMS 0x000000008d800000, 0x000000008d800000| Complete 
| 217|0x000000008d900000, 0x000000008da00000, 0x000000008da00000|100%| E|CS|TAMS 0x000000008d900000, 0x000000008d900000| Complete 
| 218|0x000000008da00000, 0x000000008db00000, 0x000000008db00000|100%| E|CS|TAMS 0x000000008da00000, 0x000000008da00000| Complete 
| 219|0x000000008db00000, 0x000000008dc00000, 0x000000008dc00000|100%| E|CS|TAMS 0x000000008db00000, 0x000000008db00000| Complete 
| 220|0x000000008dc00000, 0x000000008dd00000, 0x000000008dd00000|100%| E|CS|TAMS 0x000000008dc00000, 0x000000008dc00000| Complete 
| 221|0x000000008dd00000, 0x000000008de00000, 0x000000008de00000|100%| E|CS|TAMS 0x000000008dd00000, 0x000000008dd00000| Complete 
| 222|0x000000008de00000, 0x000000008df00000, 0x000000008df00000|100%| E|CS|TAMS 0x000000008de00000, 0x000000008de00000| Complete 
| 223|0x000000008df00000, 0x000000008e000000, 0x000000008e000000|100%| E|CS|TAMS 0x000000008df00000, 0x000000008df00000| Complete 
| 224|0x000000008e000000, 0x000000008e100000, 0x000000008e100000|100%| E|CS|TAMS 0x000000008e000000, 0x000000008e000000| Complete 
| 225|0x000000008e100000, 0x000000008e200000, 0x000000008e200000|100%| E|CS|TAMS 0x000000008e100000, 0x000000008e100000| Complete 
| 226|0x000000008e200000, 0x000000008e300000, 0x000000008e300000|100%| E|CS|TAMS 0x000000008e200000, 0x000000008e200000| Complete 
| 227|0x000000008e300000, 0x000000008e400000, 0x000000008e400000|100%| E|CS|TAMS 0x000000008e300000, 0x000000008e300000| Complete 
| 228|0x000000008e400000, 0x000000008e500000, 0x000000008e500000|100%| E|CS|TAMS 0x000000008e400000, 0x000000008e400000| Complete 
| 229|0x000000008e500000, 0x000000008e600000, 0x000000008e600000|100%| E|CS|TAMS 0x000000008e500000, 0x000000008e500000| Complete 
| 230|0x000000008e600000, 0x000000008e700000, 0x000000008e700000|100%| E|CS|TAMS 0x000000008e600000, 0x000000008e600000| Complete 

Card table byte_map: [0x00000255f5300000,0x00000255f5700000] _byte_map_base: 0x00000255f4f00000

Marking Bits (Prev, Next): (CMBitMap*) 0x00000255f142f9d8, (CMBitMap*) 0x00000255f142fa10
 Prev Bits: [0x00000255f5b00000, 0x00000255f7b00000)
 Next Bits: [0x00000255f7b00000, 0x00000255f9b00000)

Polling page: 0x00000255f0bd0000

Metaspace:

Usage:
  Non-class:     90.99 MB capacity,    89.46 MB ( 98%) used,     1.26 MB (  1%) free+waste,   278.00 KB ( <1%) overhead. 
      Class:     13.59 MB capacity,    12.80 MB ( 94%) used,   687.81 KB (  5%) free+waste,   122.31 KB ( <1%) overhead. 
       Both:    104.58 MB capacity,   102.26 MB ( 98%) used,     1.93 MB (  2%) free+waste,   400.31 KB ( <1%) overhead. 

Virtual space:
  Non-class space:       92.00 MB reserved,      91.20 MB (>99%) committed 
      Class space:        1.00 GB reserved,      13.63 MB (  1%) committed 
             Both:        1.09 GB reserved,     104.82 MB (  9%) committed 

Chunk freelists:
   Non-Class:  24.00 KB
       Class:  2.00 KB
        Both:  26.00 KB

MaxMetaspaceSize: 17179869184.00 GB
CompressedClassSpaceSize: 1.00 GB
Initial GC threshold: 20.80 MB
Current GC threshold: 160.13 MB
CDS: off

CodeHeap 'non-profiled nmethods': size=120064Kb used=9451Kb max_used=9451Kb free=110612Kb
 bounds [0x0000025587ac0000, 0x0000025588400000, 0x000002558f000000]
CodeHeap 'profiled nmethods': size=120000Kb used=32335Kb max_used=32335Kb free=87664Kb
 bounds [0x0000025580590000, 0x0000025582530000, 0x0000025587ac0000]
CodeHeap 'non-nmethods': size=5696Kb used=2412Kb max_used=2465Kb free=3283Kb
 bounds [0x0000025580000000, 0x0000025580270000, 0x0000025580590000]
 total_blobs=14953 nmethods=14018 adapters=847
 compilation: enabled
              stopped_count=0, restarted_count=0
 full_count=0

Compilation events (20 events):
Event: 47.138 Thread 0x00000255fc8b5000 14132       1       com.android.tools.r8.graph.J::K0 (5 bytes)
Event: 47.138 Thread 0x00000255fc8b5000 nmethod 14132 0x00000255883fa190 code [0x00000255883fa340, 0x00000255883fa3f8]
Event: 47.138 Thread 0x00000255fc8b5000 14141       1       com.android.tools.r8.internal.ac::a (5 bytes)
Event: 47.138 Thread 0x00000255fc8b5000 nmethod 14141 0x00000255883fa490 code [0x00000255883fa640, 0x00000255883fa6d8]
Event: 47.139 Thread 0x00000255fc8b5000 14144       3       com.android.tools.r8.internal.Wh::hashCode (32 bytes)
Event: 47.139 Thread 0x00000255fc8b5000 nmethod 14144 0x0000025582521a10 code [0x0000025582521be0, 0x0000025582521e28]
Event: 47.139 Thread 0x00000255fc8b5000 14145       3       com.android.tools.r8.internal.q::next (33 bytes)
Event: 47.139 Thread 0x00000255fc8b5000 nmethod 14145 0x0000025582521f10 code [0x0000025582522100, 0x0000025582522478]
Event: 47.139 Thread 0x00000255fc8b5000 14146       3       com.android.tools.r8.internal.xa::b (16 bytes)
Event: 47.140 Thread 0x00000255fc8b5000 nmethod 14146 0x0000025582522590 code [0x0000025582522780, 0x0000025582522b48]
Event: 47.140 Thread 0x00000255fc8b5000 14147       3       com.android.tools.r8.internal.FD::a (22 bytes)
Event: 47.140 Thread 0x00000255fc8b5000 nmethod 14147 0x0000025582522d90 code [0x0000025582522f60, 0x0000025582523188]
Event: 47.142 Thread 0x00000255fc8b5000 14148       3       com.android.tools.r8.internal.Bt::g (45 bytes)
Event: 47.142 Thread 0x00000255fc8b5000 nmethod 14148 0x0000025582523290 code [0x00000255825234a0, 0x0000025582523948]
Event: 47.144 Thread 0x00000255fc8b5000 14150       1       com.android.tools.r8.graph.Q0::m0 (5 bytes)
Event: 47.145 Thread 0x00000255fc8b5000 nmethod 14150 0x00000255883fa790 code [0x00000255883fa940, 0x00000255883fa9f8]
Event: 47.145 Thread 0x00000255fc8b5000 14151       3       com.android.tools.r8.graph.V0::c (8 bytes)
Event: 47.145 Thread 0x00000255fc8b5000 nmethod 14151 0x0000025582523b10 code [0x0000025582523cc0, 0x0000025582523df8]
Event: 47.145 Thread 0x00000255fc8b5000 14152       1       com.android.tools.r8.internal.uf::w0 (5 bytes)
Event: 47.145 Thread 0x00000255fc8b5000 nmethod 14152 0x00000255883faa90 code [0x00000255883fac40, 0x00000255883facf8]

GC Heap History (20 events):
Event: 37.456 GC heap after
{Heap after GC invocations=26 (full 0):
 garbage-first heap   total 196608K, used 116419K [0x0000000080000000, 0x0000000100000000)
  region size 1024K, 3 young (3072K), 3 survivors (3072K)
 Metaspace       used 89654K, capacity 91820K, committed 91980K, reserved 1128448K
  class space    used 11560K, capacity 12334K, committed 12416K, reserved 1048576K
}
Event: 38.150 GC heap before
{Heap before GC invocations=27 (full 0):
 garbage-first heap   total 196608K, used 154307K [0x0000000080000000, 0x0000000100000000)
  region size 1024K, 26 young (26624K), 3 survivors (3072K)
 Metaspace       used 90171K, capacity 92382K, committed 92492K, reserved 1130496K
  class space    used 11591K, capacity 12380K, committed 12416K, reserved 1048576K
}
Event: 38.160 GC heap after
{Heap after GC invocations=28 (full 0):
 garbage-first heap   total 196608K, used 120252K [0x0000000080000000, 0x0000000100000000)
  region size 1024K, 4 young (4096K), 4 survivors (4096K)
 Metaspace       used 90171K, capacity 92382K, committed 92492K, reserved 1130496K
  class space    used 11591K, capacity 12380K, committed 12416K, reserved 1048576K
}
Event: 38.759 GC heap before
{Heap before GC invocations=28 (full 0):
 garbage-first heap   total 196608K, used 142780K [0x0000000080000000, 0x0000000100000000)
  region size 1024K, 27 young (27648K), 4 survivors (4096K)
 Metaspace       used 93390K, capacity 95613K, committed 95820K, reserved 1132544K
  class space    used 11868K, capacity 12637K, committed 12672K, reserved 1048576K
}
Event: 38.778 GC heap after
{Heap after GC invocations=29 (full 0):
 garbage-first heap   total 196608K, used 122979K [0x0000000080000000, 0x0000000100000000)
  region size 1024K, 3 young (3072K), 3 survivors (3072K)
 Metaspace       used 93390K, capacity 95613K, committed 95820K, reserved 1132544K
  class space    used 11868K, capacity 12637K, committed 12672K, reserved 1048576K
}
Event: 39.461 GC heap before
{Heap before GC invocations=30 (full 0):
 garbage-first heap   total 196608K, used 130147K [0x0000000080000000, 0x0000000100000000)
  region size 1024K, 27 young (27648K), 3 survivors (3072K)
 Metaspace       used 94175K, capacity 96454K, committed 96716K, reserved 1132544K
  class space    used 11914K, capacity 12702K, committed 12800K, reserved 1048576K
}
Event: 39.473 GC heap after
{Heap after GC invocations=31 (full 0):
 garbage-first heap   total 196608K, used 110592K [0x0000000080000000, 0x0000000100000000)
  region size 1024K, 4 young (4096K), 4 survivors (4096K)
 Metaspace       used 94175K, capacity 96454K, committed 96716K, reserved 1132544K
  class space    used 11914K, capacity 12702K, committed 12800K, reserved 1048576K
}
Event: 39.512 GC heap before
{Heap before GC invocations=31 (full 0):
 garbage-first heap   total 196608K, used 114688K [0x0000000080000000, 0x0000000100000000)
  region size 1024K, 9 young (9216K), 4 survivors (4096K)
 Metaspace       used 94347K, capacity 96646K, committed 96972K, reserved 1134592K
  class space    used 11934K, capacity 12702K, committed 12800K, reserved 1048576K
}
Event: 39.522 GC heap after
{Heap after GC invocations=32 (full 0):
 garbage-first heap   total 196608K, used 99337K [0x0000000080000000, 0x0000000100000000)
  region size 1024K, 2 young (2048K), 2 survivors (2048K)
 Metaspace       used 94347K, capacity 96646K, committed 96972K, reserved 1134592K
  class space    used 11934K, capacity 12702K, committed 12800K, reserved 1048576K
}
Event: 40.173 GC heap before
{Heap before GC invocations=32 (full 0):
 garbage-first heap   total 196608K, used 134153K [0x0000000080000000, 0x0000000100000000)
  region size 1024K, 36 young (36864K), 2 survivors (2048K)
 Metaspace       used 95342K, capacity 97550K, committed 97868K, reserved 1134592K
  class space    used 12033K, capacity 12811K, committed 12928K, reserved 1048576K
}
Event: 40.193 GC heap after
{Heap after GC invocations=33 (full 0):
 garbage-first heap   total 196608K, used 102126K [0x0000000080000000, 0x0000000100000000)
  region size 1024K, 5 young (5120K), 5 survivors (5120K)
 Metaspace       used 95342K, capacity 97550K, committed 97868K, reserved 1134592K
  class space    used 12033K, capacity 12811K, committed 12928K, reserved 1048576K
}
Event: 40.830 GC heap before
{Heap before GC invocations=34 (full 0):
 garbage-first heap   total 196608K, used 136942K [0x0000000080000000, 0x0000000100000000)
  region size 1024K, 41 young (41984K), 5 survivors (5120K)
 Metaspace       used 97501K, capacity 99694K, committed 99916K, reserved 1136640K
  class space    used 12312K, capacity 13099K, committed 13184K, reserved 1048576K
}
Event: 40.842 GC heap after
{Heap after GC invocations=35 (full 0):
 garbage-first heap   total 196608K, used 101761K [0x0000000080000000, 0x0000000100000000)
  region size 1024K, 1 young (1024K), 1 survivors (1024K)
 Metaspace       used 97501K, capacity 99694K, committed 99916K, reserved 1136640K
  class space    used 12312K, capacity 13099K, committed 13184K, reserved 1048576K
}
Event: 40.989 GC heap before
{Heap before GC invocations=35 (full 0):
 garbage-first heap   total 196608K, used 109953K [0x0000000080000000, 0x0000000100000000)
  region size 1024K, 9 young (9216K), 1 survivors (1024K)
 Metaspace       used 98020K, capacity 100270K, committed 100428K, reserved 1136640K
  class space    used 12379K, capacity 13163K, committed 13184K, reserved 1048576K
}
Event: 40.994 GC heap after
{Heap after GC invocations=36 (full 0):
 garbage-first heap   total 236544K, used 99173K [0x0000000080000000, 0x0000000100000000)
  region size 1024K, 1 young (1024K), 1 survivors (1024K)
 Metaspace       used 98020K, capacity 100270K, committed 100428K, reserved 1136640K
  class space    used 12379K, capacity 13163K, committed 13184K, reserved 1048576K
}
Event: 42.229 GC heap before
{Heap before GC invocations=36 (full 0):
 garbage-first heap   total 236544K, used 154469K [0x0000000080000000, 0x0000000100000000)
  region size 1024K, 56 young (57344K), 1 survivors (1024K)
 Metaspace       used 100053K, capacity 102341K, committed 102476K, reserved 1138688K
  class space    used 12560K, capacity 13369K, committed 13440K, reserved 1048576K
}
Event: 42.238 GC heap after
{Heap after GC invocations=37 (full 0):
 garbage-first heap   total 236544K, used 102294K [0x0000000080000000, 0x0000000100000000)
  region size 1024K, 4 young (4096K), 4 survivors (4096K)
 Metaspace       used 100053K, capacity 102341K, committed 102476K, reserved 1138688K
  class space    used 12560K, capacity 13369K, committed 13440K, reserved 1048576K
}
Event: 45.179 GC heap before
{Heap before GC invocations=37 (full 0):
 garbage-first heap   total 236544K, used 160662K [0x0000000080000000, 0x0000000100000000)
  region size 1024K, 62 young (63488K), 4 survivors (4096K)
 Metaspace       used 100821K, capacity 103159K, committed 103244K, reserved 1138688K
  class space    used 12609K, capacity 13402K, committed 13440K, reserved 1048576K
}
Event: 45.189 GC heap after
{Heap after GC invocations=38 (full 0):
 garbage-first heap   total 236544K, used 103590K [0x0000000080000000, 0x0000000100000000)
  region size 1024K, 5 young (5120K), 5 survivors (5120K)
 Metaspace       used 100821K, capacity 103159K, committed 103244K, reserved 1138688K
  class space    used 12609K, capacity 13402K, committed 13440K, reserved 1048576K
}
Event: 47.146 GC heap before
{Heap before GC invocations=38 (full 0):
 garbage-first heap   total 236544K, used 168102K [0x0000000080000000, 0x0000000100000000)
  region size 1024K, 67 young (68608K), 5 survivors (5120K)
 Metaspace       used 104713K, capacity 107090K, committed 107340K, reserved 1142784K
  class space    used 13107K, capacity 13918K, committed 13952K, reserved 1048576K
}

Deoptimization events (20 events):
Event: 46.119 Thread 0x00000255ff29f800 Uncommon trap: trap_request=0xffffff4d fr.pc=0x0000025588052b94 relative=0x00000000000001b4
Event: 46.119 Thread 0x00000255ff29f800 Uncommon trap: reason=unstable_if action=reinterpret pc=0x0000025588052b94 method=com.google.common.collect.MapMakerInternalMap$Segment.getEntry(Ljava/lang/Object;I)Lcom/google/common/collect/MapMakerInternalMap$InternalEntry; @ 63 c2
Event: 46.119 Thread 0x00000255ff29f800 DEOPT PACKING pc=0x0000025588052b94 sp=0x000000d3037f8da0
Event: 46.119 Thread 0x00000255ff29f800 DEOPT UNPACKING pc=0x000002558004a1af sp=0x000000d3037f8d58 mode 2
Event: 46.119 Thread 0x00000255ff29f800 Uncommon trap: trap_request=0xffffff4d fr.pc=0x0000025588051308 relative=0x00000000000012a8
Event: 46.119 Thread 0x00000255ff29f800 Uncommon trap: reason=unstable_if action=reinterpret pc=0x0000025588051308 method=com.google.common.collect.MapMakerInternalMap$Segment.put(Ljava/lang/Object;ILjava/lang/Object;Z)Ljava/lang/Object; @ 92 c2
Event: 46.119 Thread 0x00000255ff29f800 DEOPT PACKING pc=0x0000025588051308 sp=0x000000d3037f8df0
Event: 46.119 Thread 0x00000255ff29f800 DEOPT UNPACKING pc=0x000002558004a1af sp=0x000000d3037f8d88 mode 2
Event: 46.655 Thread 0x00000255ff29f800 Uncommon trap: trap_request=0xffffff4d fr.pc=0x000002558805362c relative=0x000000000000038c
Event: 46.655 Thread 0x00000255ff29f800 Uncommon trap: reason=unstable_if action=reinterpret pc=0x000002558805362c method=java.util.stream.StreamOpFlag.getMask(I)I @ 1 c2
Event: 46.655 Thread 0x00000255ff29f800 DEOPT PACKING pc=0x000002558805362c sp=0x000000d3037fa5f0
Event: 46.655 Thread 0x00000255ff29f800 DEOPT UNPACKING pc=0x000002558004a1af sp=0x000000d3037fa4e0 mode 2
Event: 47.040 Thread 0x00000255ff29f800 Uncommon trap: trap_request=0xffffff4d fr.pc=0x00000255883e3844 relative=0x0000000000000804
Event: 47.040 Thread 0x00000255ff29f800 Uncommon trap: reason=unstable_if action=reinterpret pc=0x00000255883e3844 method=com.android.tools.r8.graph.d1.a(C)I @ 1 c2
Event: 47.040 Thread 0x00000255ff29f800 DEOPT PACKING pc=0x00000255883e3844 sp=0x000000d3037f9c80
Event: 47.040 Thread 0x00000255ff29f800 DEOPT UNPACKING pc=0x000002558004a1af sp=0x000000d3037f9be0 mode 2
Event: 47.040 Thread 0x00000255ff29f800 Uncommon trap: trap_request=0xffffff4d fr.pc=0x00000255883e1c0c relative=0x000000000000006c
Event: 47.040 Thread 0x00000255ff29f800 Uncommon trap: reason=unstable_if action=reinterpret pc=0x00000255883e1c0c method=com.android.tools.r8.graph.d1.a(C[BI)I @ 1 c2
Event: 47.040 Thread 0x00000255ff29f800 DEOPT PACKING pc=0x00000255883e1c0c sp=0x000000d3037f9c20
Event: 47.040 Thread 0x00000255ff29f800 DEOPT UNPACKING pc=0x000002558004a1af sp=0x000000d3037f9bc0 mode 2

Classes redefined (0 events):
No events

Internal exceptions (20 events):
Event: 45.110 Thread 0x00000255ff298800 Exception <a 'sun/nio/fs/WindowsException'{0x000000008aa9b7b8}> (0x000000008aa9b7b8) thrown at [./src/hotspot/share/prims/jni.cpp, line 615]
Event: 45.114 Thread 0x000002558f9b1800 Exception <a 'sun/nio/fs/WindowsException'{0x000000008aafea98}> (0x000000008aafea98) thrown at [./src/hotspot/share/prims/jni.cpp, line 615]
Event: 45.134 Thread 0x00000255ff292000 Exception <a 'sun/nio/fs/WindowsException'{0x000000008a990a78}> (0x000000008a990a78) thrown at [./src/hotspot/share/prims/jni.cpp, line 615]
Event: 45.196 Thread 0x000002558f9b1800 Exception <a 'sun/nio/fs/WindowsException'{0x000000008e539d88}> (0x000000008e539d88) thrown at [./src/hotspot/share/prims/jni.cpp, line 615]
Event: 45.225 Thread 0x000002558f9b4000 Exception <a 'sun/nio/fs/WindowsException'{0x000000008e6b0098}> (0x000000008e6b0098) thrown at [./src/hotspot/share/prims/jni.cpp, line 615]
Event: 45.226 Thread 0x00000255ff29f000 Exception <a 'sun/nio/fs/WindowsException'{0x000000008e4351f8}> (0x000000008e4351f8) thrown at [./src/hotspot/share/prims/jni.cpp, line 615]
Event: 45.231 Thread 0x000002558f9af000 Exception <a 'sun/nio/fs/WindowsException'{0x000000008e44fd20}> (0x000000008e44fd20) thrown at [./src/hotspot/share/prims/jni.cpp, line 615]
Event: 45.254 Thread 0x00000255ff29e000 Exception <a 'sun/nio/fs/WindowsException'{0x000000008e456fe8}> (0x000000008e456fe8) thrown at [./src/hotspot/share/prims/jni.cpp, line 615]
Event: 45.261 Thread 0x00000255ff29f000 Exception <a 'sun/nio/fs/WindowsException'{0x000000008e3080d0}> (0x000000008e3080d0) thrown at [./src/hotspot/share/prims/jni.cpp, line 615]
Event: 45.261 Thread 0x000002558f9af000 Exception <a 'sun/nio/fs/WindowsException'{0x000000008e30b0c8}> (0x000000008e30b0c8) thrown at [./src/hotspot/share/prims/jni.cpp, line 615]
Event: 45.267 Thread 0x00000255ff29e000 Exception <a 'sun/nio/fs/WindowsException'{0x000000008e379d38}> (0x000000008e379d38) thrown at [./src/hotspot/share/prims/jni.cpp, line 615]
Event: 45.268 Thread 0x000002558f9b4000 Exception <a 'sun/nio/fs/WindowsException'{0x000000008e6e8040}> (0x000000008e6e8040) thrown at [./src/hotspot/share/prims/jni.cpp, line 615]
Event: 46.078 Thread 0x00000255ff29f800 Exception <a 'sun/nio/fs/WindowsException'{0x000000008ccca0b8}> (0x000000008ccca0b8) thrown at [./src/hotspot/share/prims/jni.cpp, line 615]
Event: 46.108 Thread 0x000002558f9b4000 Exception <a 'sun/nio/fs/WindowsException'{0x000000008c8b35f0}> (0x000000008c8b35f0) thrown at [./src/hotspot/share/prims/jni.cpp, line 615]
Event: 46.277 Thread 0x000002558f9ac800 Exception <a 'sun/nio/fs/WindowsException'{0x000000008bd4d4f8}> (0x000000008bd4d4f8) thrown at [./src/hotspot/share/prims/jni.cpp, line 615]
Event: 46.753 Thread 0x00000255ff297800 Exception <a 'sun/nio/fs/WindowsException'{0x000000008b3d22b8}> (0x000000008b3d22b8) thrown at [./src/hotspot/share/prims/jni.cpp, line 615]
Event: 46.924 Thread 0x00000255ff297800 Exception <a 'java/lang/NoSuchMethodError'{0x000000008b1f4980}: 'java.lang.Object java.lang.invoke.DirectMethodHandle$Holder.invokeStaticInit(java.lang.Object, java.lang.Object, java.lang.Object, java.lang.Object, java.lang.Object, java.lang.Object, java.lang.Object, java.lang.Object, java.lang.Object, java.lang.Object, java.lang.Object, java.lang.Object, java.lang.Object, java.lang.Object, java.lang.Object, java.lang.Object, java.lang.Object, java.lang.Object, int, java.lang.Object, java.lang.Object)'> (0
Event: 46.968 Thread 0x000002558f9ac800 Exception <a 'java/lang/IncompatibleClassChangeError'{0x000000008af5e630}: Found class java.lang.Object, but interface was expected> (0x000000008af5e630) thrown at [./src/hotspot/share/interpreter/linkResolver.cpp, line 839]
Event: 47.056 Thread 0x000002558f9b4000 Exception <a 'java/lang/NoSuchMethodError'{0x000000008b0c3aa8}: 'java.lang.Object java.lang.invoke.DirectMethodHandle$Holder.invokeStatic(java.lang.Object, long)'> (0x000000008b0c3aa8) thrown at [./src/hotspot/share/interpreter/linkResolver.cpp, line 773]
Event: 47.059 Thread 0x000002558f9ac800 Exception <a 'java/lang/NoSuchMethodError'{0x000000008ac80cd0}: 'java.lang.Object java.lang.invoke.Invokers$Holder.linkToTargetMethod(long, java.lang.Object)'> (0x000000008ac80cd0) thrown at [./src/hotspot/share/interpreter/linkResolver.cpp, line 773]

Events (20 events):
Event: 47.131 loading class com/android/tools/r8/graph/N2 done
Event: 47.132 loading class com/android/tools/r8/internal/XG
Event: 47.132 loading class com/android/tools/r8/internal/XG done
Event: 47.132 loading class com/android/tools/r8/internal/cH
Event: 47.132 loading class com/android/tools/r8/internal/cH done
Event: 47.138 loading class com/android/tools/r8/synthesis/s
Event: 47.138 loading class com/android/tools/r8/synthesis/s done
Event: 47.142 loading class com/android/tools/r8/internal/NV
Event: 47.142 loading class com/android/tools/r8/internal/NV done
Event: 47.143 loading class com/android/tools/r8/synthesis/C
Event: 47.143 loading class com/android/tools/r8/synthesis/C done
Event: 47.143 loading class com/android/tools/r8/synthesis/x
Event: 47.143 loading class com/android/tools/r8/synthesis/x done
Event: 47.143 loading class com/android/tools/r8/internal/AR
Event: 47.143 loading class com/android/tools/r8/internal/AR done
Event: 47.144 loading class com/android/tools/r8/synthesis/h
Event: 47.144 loading class com/android/tools/r8/synthesis/h done
Event: 47.144 loading class com/android/tools/r8/synthesis/k
Event: 47.144 loading class com/android/tools/r8/synthesis/k done
Event: 47.145 Executing VM operation: G1CollectForAllocation


Dynamic libraries:
0x00007ff7b97a0000 - 0x00007ff7b97aa000 	C:\Program Files\Android\Android Studio1\jre\bin\java.exe
0x00007ffcff290000 - 0x00007ffcff488000 	C:\windows\SYSTEM32\ntdll.dll
0x00007ffcff190000 - 0x00007ffcff24d000 	C:\windows\System32\KERNEL32.DLL
0x00007ffcfcd00000 - 0x00007ffcfcfce000 	C:\windows\System32\KERNELBASE.dll
0x00007ffcfcfd0000 - 0x00007ffcfd0d0000 	C:\windows\System32\ucrtbase.dll
0x00007ffcf88c0000 - 0x00007ffcf88d9000 	C:\Program Files\Android\Android Studio1\jre\bin\jli.dll
0x00007ffcf88a0000 - 0x00007ffcf88b7000 	C:\Program Files\Android\Android Studio1\jre\bin\VCRUNTIME140.dll
0x00007ffcfd960000 - 0x00007ffcfdb00000 	C:\windows\System32\USER32.dll
0x00007ffcfd0d0000 - 0x00007ffcfd0f2000 	C:\windows\System32\win32u.dll
0x00007ffce2cc0000 - 0x00007ffce2f5a000 	C:\windows\WinSxS\amd64_microsoft.windows.common-controls_6595b64144ccf1df_6.0.19041.1110_none_60b5254171f9507e\COMCTL32.dll
0x00007ffcfefa0000 - 0x00007ffcfefca000 	C:\windows\System32\GDI32.dll
0x00007ffcfe990000 - 0x00007ffcfea2e000 	C:\windows\System32\msvcrt.dll
0x00007ffcfcb40000 - 0x00007ffcfcc4b000 	C:\windows\System32\gdi32full.dll
0x00007ffcfcaa0000 - 0x00007ffcfcb3d000 	C:\windows\System32\msvcp_win.dll
0x00007ffcfdf70000 - 0x00007ffcfdfa0000 	C:\windows\System32\IMM32.DLL
0x00007ffcf87c0000 - 0x00007ffcf885d000 	C:\Program Files\Android\Android Studio1\jre\bin\msvcp140.dll
0x00007ffc7a2c0000 - 0x00007ffc7ada5000 	C:\Program Files\Android\Android Studio1\jre\bin\server\jvm.dll
0x00007ffcff040000 - 0x00007ffcff0ee000 	C:\windows\System32\ADVAPI32.dll
0x00007ffcff0f0000 - 0x00007ffcff18c000 	C:\windows\System32\sechost.dll
0x00007ffcfeab0000 - 0x00007ffcfebd5000 	C:\windows\System32\RPCRT4.dll
0x00007ffcfe890000 - 0x00007ffcfe898000 	C:\windows\System32\PSAPI.DLL
0x00007ffcf5010000 - 0x00007ffcf5019000 	C:\windows\SYSTEM32\WSOCK32.dll
0x00007ffceb750000 - 0x00007ffceb777000 	C:\windows\SYSTEM32\WINMM.dll
0x00007ffcfd8f0000 - 0x00007ffcfd95b000 	C:\windows\System32\WS2_32.dll
0x00007ffcec8c0000 - 0x00007ffcec8ca000 	C:\windows\SYSTEM32\VERSION.dll
0x00007ffcfa890000 - 0x00007ffcfa8a2000 	C:\windows\SYSTEM32\kernel.appcore.dll
0x00007ffcf4ff0000 - 0x00007ffcf5001000 	C:\Program Files\Android\Android Studio1\jre\bin\verify.dll
0x00007ffceb4f0000 - 0x00007ffceb6d4000 	C:\windows\SYSTEM32\DBGHELP.DLL
0x00007ffceb370000 - 0x00007ffceb39c000 	C:\windows\SYSTEM32\dbgcore.DLL
0x00007ffcfd260000 - 0x00007ffcfd2e2000 	C:\windows\System32\bcryptPrimitives.dll
0x00007ffcf4fc0000 - 0x00007ffcf4fe9000 	C:\Program Files\Android\Android Studio1\jre\bin\java.dll
0x00007ffcf47d0000 - 0x00007ffcf47db000 	C:\Program Files\Android\Android Studio1\jre\bin\jimage.dll
0x00007ffcf47b0000 - 0x00007ffcf47c8000 	C:\Program Files\Android\Android Studio1\jre\bin\zip.dll
0x00007ffcfe140000 - 0x00007ffcfe884000 	C:\windows\System32\SHELL32.dll
0x00007ffcfaa90000 - 0x00007ffcfb224000 	C:\windows\SYSTEM32\windows.storage.dll
0x00007ffcfec40000 - 0x00007ffcfef94000 	C:\windows\System32\combase.dll
0x00007ffcfc410000 - 0x00007ffcfc440000 	C:\windows\SYSTEM32\Wldp.dll
0x00007ffcfdfa0000 - 0x00007ffcfe04d000 	C:\windows\System32\SHCORE.dll
0x00007ffcfebe0000 - 0x00007ffcfec35000 	C:\windows\System32\shlwapi.dll
0x00007ffcfc8f0000 - 0x00007ffcfc90f000 	C:\windows\SYSTEM32\profapi.dll
0x00007ffcec6d0000 - 0x00007ffcec6ea000 	C:\Program Files\Android\Android Studio1\jre\bin\net.dll
0x00007ffcee380000 - 0x00007ffcee48a000 	C:\windows\SYSTEM32\WINHTTP.dll
0x00007ffcfc170000 - 0x00007ffcfc1da000 	C:\windows\system32\mswsock.dll
0x00007ffcdbd20000 - 0x00007ffcdbd34000 	C:\Program Files\Android\Android Studio1\jre\bin\nio.dll
0x00007ffcd0790000 - 0x00007ffcd07b7000 	C:\Users\affi\.gradle\native\e1d6ef7f7dcc3fd88c89a11ec53ec762bb8ba0a96d01ffa2cd45eb1d1d8dd5c5\windows-amd64\native-platform.dll
0x00007ffcd07e0000 - 0x00007ffcd0924000 	C:\Users\affi\.gradle\native\5664cfc778a61ccfe75a443a1ab52a65af34e5dc3c78e0209fed803814484fcb\windows-amd64\native-platform-file-events.dll
0x00007ffcf2d50000 - 0x00007ffcf2d5a000 	C:\Program Files\Android\Android Studio1\jre\bin\management.dll
0x00007ffcdbe90000 - 0x00007ffcdbe9d000 	C:\Program Files\Android\Android Studio1\jre\bin\management_ext.dll
0x00007ffcfc370000 - 0x00007ffcfc388000 	C:\windows\SYSTEM32\CRYPTSP.dll
0x00007ffcfba80000 - 0x00007ffcfbab4000 	C:\windows\system32\rsaenh.dll
0x00007ffcfca00000 - 0x00007ffcfca27000 	C:\windows\System32\bcrypt.dll
0x00007ffcfc8b0000 - 0x00007ffcfc8de000 	C:\windows\SYSTEM32\USERENV.dll
0x00007ffcfc360000 - 0x00007ffcfc36c000 	C:\windows\SYSTEM32\CRYPTBASE.dll
0x00007ffcfbe10000 - 0x00007ffcfbe4b000 	C:\windows\SYSTEM32\IPHLPAPI.DLL
0x00007ffcff030000 - 0x00007ffcff038000 	C:\windows\System32\NSI.dll
0x00007ffcf4920000 - 0x00007ffcf4937000 	C:\windows\SYSTEM32\dhcpcsvc6.DLL
0x00007ffcf57c0000 - 0x00007ffcf57dd000 	C:\windows\SYSTEM32\dhcpcsvc.DLL
0x00007ffcfbe60000 - 0x00007ffcfbf2b000 	C:\windows\SYSTEM32\DNSAPI.dll
0x00007ffcfb690000 - 0x00007ffcfb6c3000 	C:\windows\SYSTEM32\ntmarta.dll

dbghelp: loaded successfully - version: 4.0.5 - missing functions: none
symbol engine: initialized successfully - sym options: 0x614 - pdb path: .;C:\Program Files\Android\Android Studio1\jre\bin;C:\windows\SYSTEM32;C:\windows\WinSxS\amd64_microsoft.windows.common-controls_6595b64144ccf1df_6.0.19041.1110_none_60b5254171f9507e;C:\Program Files\Android\Android Studio1\jre\bin\server;C:\Users\affi\.gradle\native\e1d6ef7f7dcc3fd88c89a11ec53ec762bb8ba0a96d01ffa2cd45eb1d1d8dd5c5\windows-amd64;C:\Users\affi\.gradle\native\5664cfc778a61ccfe75a443a1ab52a65af34e5dc3c78e0209fed803814484fcb\windows-amd64

VM Arguments:
jvm_args: --add-opens=java.base/java.util=ALL-UNNAMED --add-opens=java.base/java.lang=ALL-UNNAMED --add-opens=java.base/java.lang.invoke=ALL-UNNAMED --add-opens=java.base/java.util=ALL-UNNAMED --add-opens=java.prefs/java.util.prefs=ALL-UNNAMED --add-opens=java.prefs/java.util.prefs=ALL-UNNAMED --add-opens=java.base/java.nio.charset=ALL-UNNAMED --add-opens=java.base/java.net=ALL-UNNAMED --add-opens=java.base/java.util.concurrent.atomic=ALL-UNNAMED -Xmx2048m -Dfile.encoding=UTF-8 -Duser.country=US -Duser.language=en -Duser.variant 
java_command: org.gradle.launcher.daemon.bootstrap.GradleDaemon 7.3.3
java_class_path (initial): C:\Users\affi\.gradle\wrapper\dists\gradle-7.3.3-bin\6a41zxkdtcxs8rphpq6y0069z\gradle-7.3.3\lib\gradle-launcher-7.3.3.jar
Launcher Type: SUN_STANDARD

[Global flags]
     intx CICompilerCount                          = 3                                         {product} {ergonomic}
     uint ConcGCThreads                            = 1                                         {product} {ergonomic}
     uint G1ConcRefinementThreads                  = 4                                         {product} {ergonomic}
   size_t G1HeapRegionSize                         = 1048576                                   {product} {ergonomic}
    uintx GCDrainStackTargetSize                   = 64                                        {product} {ergonomic}
   size_t InitialHeapSize                          = 201326592                                 {product} {ergonomic}
   size_t MarkStackSize                            = 4194304                                   {product} {ergonomic}
   size_t MaxHeapSize                              = 2147483648                                {product} {command line}
   size_t MaxNewSize                               = 1287651328                                {product} {ergonomic}
   size_t MinHeapDeltaBytes                        = 1048576                                   {product} {ergonomic}
    uintx NonNMethodCodeHeapSize                   = 5830732                                {pd product} {ergonomic}
    uintx NonProfiledCodeHeapSize                  = 122913754                              {pd product} {ergonomic}
    uintx ProfiledCodeHeapSize                     = 122913754                              {pd product} {ergonomic}
    uintx ReservedCodeCacheSize                    = 251658240                              {pd product} {ergonomic}
     bool SegmentedCodeCache                       = true                                      {product} {ergonomic}
     bool UseCompressedClassPointers               = true                                 {lp64_product} {ergonomic}
     bool UseCompressedOops                        = true                                 {lp64_product} {ergonomic}
     bool UseG1GC                                  = true                                      {product} {ergonomic}
     bool UseLargePagesIndividualAllocation        = false                                  {pd product} {ergonomic}

Logging:
Log output configuration:
 #0: stdout all=warning uptime,level,tags
 #1: stderr all=off uptime,level,tags

Environment Variables:
PATH=C:\Program Files (x86)\Common Files\Oracle\Java\javapath;C:\windows\system32;C:\windows;C:\windows\System32\Wbem;C:\windows\System32\WindowsPowerShell\v1.0\;C:\windows\System32\OpenSSH\;C:\Program Files\Git\cmd;C:\Program Files\nodejs\;C:\Program Files\dotnet\;C:\Program Files\Microsoft SQL Server\Client SDK\ODBC\170\Tools\Binn\;C:\Program Files (x86)\dotnet\;C:\Program Files\PuTTY\;C:\Program Files (x86)\Microsoft SQL Server\150\Tools\Binn\;C:\Program Files\Microsoft SQL Server\150\Tools\Binn\;C:\Program Files\Microsoft SQL Server\150\DTS\Binn\;C:\Program Files (x86)\Microsoft SQL Server\150\DTS\Binn\;C:\Program Files\MySQL\MySQL Shell 8.0\bin\;C:\Users\affi\AppData\Local\Microsoft\WindowsApps;C:\Users\affi\AppData\Local\Programs\Microsoft VS Code\bin;C:\Users\affi\AppData\Roaming\npm;C:\Users\affi\.dotnet\tools;C:\Users\affi\AppData\Local\GitHubDesktop\bin;C:\Program Files\Azure Data Studio\bin;C:\Program Files\Azure Data Studio\bin;C:\src\flutter\bin;C:\MinGW\bin;
USERNAME=affi
OS=Windows_NT
PROCESSOR_IDENTIFIER=Intel64 Family 6 Model 60 Stepping 3, GenuineIntel



---------------  S Y S T E M  ---------------

OS: Windows 10 , 64 bit Build 19041 (10.0.19041.1806)
OS uptime: 0 days 6:10 hours

CPU:total 4 (initial active 4) (2 cores per cpu, 2 threads per core) family 6 model 60 stepping 3 microcode 0x27, cmov, cx8, fxsr, mmx, sse, sse2, sse3, ssse3, sse4.1, sse4.2, popcnt, avx, avx2, aes, clmul, erms, lzcnt, ht, tsc, tscinvbit, bmi1, bmi2, fma

Memory: 4k page, system-wide physical 12179M (2845M free)
TotalPageFile size 16368M (AvailPageFile size 2781M)
current process WorkingSet (physical memory assigned to process): 539M, peak: 542M
current process commit charge ("private bytes"): 587M, peak: 592M

vm_info: OpenJDK 64-Bit Server VM (11.0.12+7-b1504.28-7817840) for windows-amd64 JRE (11.0.12+7-b1504.28-7817840), built on Oct 13 2021 22:12:33 by "builder" with MS VC++ 14.0 (VS2015)

END.
